-------------------- Log Start | Wed Apr 24 20:11:58 2024 --------------------
platform: Linux-5.16.17-sun50iw9-aarch64-with-glibc2.31
data_path: /home/biqu/printer_data
is_default_data_path: False
config_file: /home/biqu/printer_data/config/moonraker.conf
startup_warnings: []
verbose: False
debug: False
asyncio_debug: False
is_backup_config: False
is_python_package: False
instance_uuid: b8a6f633d2d8404eb18f8f8a5fdf6b8c
unix_socket_path: /home/biqu/printer_data/comms/moonraker.sock
software_version: v0.8.0-327-g9447494
git_branch: master
git_remote: origin
git_repo_url: https://github.com/Arksine/moonraker.git
modified_files: []
unofficial_components: []
log_file: /home/biqu/printer_data/logs/moonraker.log
python_version: 3.9.2 (default, Feb 28 2021, 17:03:44)  [GCC 10.2.1 20210110]
launch_args: /home/biqu/moonraker-env/bin/python /home/biqu/moonraker/moonraker/moonraker.py -d /home/biqu/printer_data
msgspec_enabled: False
uvloop_enabled: False

#################### Moonraker Configuration ####################

[server]
host = 0.0.0.0
port = 7125
klippy_uds_address = /home/biqu/printer_data/comms/klippy.sock

[authorization]
trusted_clients = 
	10.0.0.0/8
	127.0.0.0/8
	169.254.0.0/16
	172.16.0.0/12
	192.168.0.0/16
	FE80::/10
	::1/128
cors_domains = 
	*.lan
	*.local
	*://localhost
	*://localhost:*
	*://my.mainsail.xyz
	*://app.fluidd.xyz

[octoprint_compat]

[history]

[update_manager]
channel = dev
refresh_interval = 168

[update_manager mainsail-config]
type = git_repo
primary_branch = master
path = ~/mainsail-config
origin = https://github.com/mainsail-crew/mainsail-config.git
managed_services = klipper

[update_manager mainsail]
type = web
channel = stable
repo = mainsail-crew/mainsail
path = ~/mainsail

[update_manager crowsnest]
type = git_repo
path = ~/crowsnest
origin = https://github.com/mainsail-crew/crowsnest.git
install_script = tools/install.sh

[update_manager sonar]
type = git_repo
path = ~/sonar
origin = https://github.com/mainsail-crew/sonar.git
primary_branch = main
managed_services = sonar
install_script = tools/install.sh

[update_manager timelapse]
type = git_repo
primary_branch = main
path = ~/moonraker-timelapse
origin = https://github.com/mainsail-crew/moonraker-timelapse.git
managed_services = klipper moonraker

[update_manager KlipperScreen]
type = git_repo
path = ~/KlipperScreen
origin = https://github.com/bigtreetech/KlipperScreen.git
env = ~/.KlipperScreen-env/bin/python
requirements = scripts/KlipperScreen-requirements.txt
install_script = scripts/KlipperScreen-install.sh
managed_services = KlipperScreen

#################################################################
All Configuration Files:
/home/biqu/printer_data/config/moonraker.conf
#################################################################

Database Versions: pylmdb = 1.3.0, lmdb = (0, 9, 29)
Unsafe Shutdown Count: 29

System Info:

***python***
  version: (3, 9, 2, 'final', 0)
  version_string: 3.9.2 (default, Feb 28 2021, 17:03:44)  [GCC 10.2.1 20210110]

***cpu_info***
  cpu_count: 4
  bits: 64bit
  processor: aarch64
  cpu_desc: 
  serial_number: 
  hardware_desc: 
  model: 
  total_memory: 1010636
  memory_units: kB

***sd_info***

***distribution***
  name: Debian GNU/Linux 11 (bullseye)
  id: debian
  version: 11
  version_parts: {'major': '11', 'minor': '', 'build_number': ''}
  like: 
  codename: bullseye
  release_info: {'name': '# PLEASE DO NOT EDIT THIS FILE', 'id': 'board'}
  kernel_version: 5.16.17-sun50iw9

***virtualization***
  virt_type: none
  virt_identifier: none

***network***

***canbus***

***Allowed Services***
  klipper_mcu
  webcamd
  MoonCord
  KlipperScreen
  moonraker-telegram-bot
  moonraker-obico
  sonar
  crowsnest
  octoeverywhere
Module libcamera unavailble, import failed

Systemd unit moonraker.service:
unit_name: moonraker.service
is_default: True
manager: systemd
Properties:
**Requires=['-.mount', 'sysinit.target', 'system.slice', 'network-online.target']
**After=['systemd-journald.socket', '-.mount', 'sysinit.target', 'basic.target', 'system.slice', 'network-online.target']
**SupplementaryGroups=['moonraker-admin']
**EnvironmentFiles=/home/biqu/printer_data/systemd/moonraker.env
**ExecStart=/home/biqu/moonraker-env/bin/python $MOONRAKER_ARGS
**WorkingDirectory=/home/biqu/moonraker
**FragmentPath=/etc/systemd/system/moonraker.service
**Description=API Server for Klipper SV1
**User=biqu

Systemd unit klipper.service:
unit_name: klipper.service
is_default: True
manager: systemd
Properties:
**Requires=['system.slice', '-.mount', 'sysinit.target']
**After=['system.slice', 'klipper-mcu.service', '-.mount', 'network-online.target', 'systemd-journald.socket', 'sysinit.target', 'basic.target']
**SupplementaryGroups=[]
**EnvironmentFiles=/home/biqu/printer_data/systemd/klipper.env
**ExecStart=/home/biqu/klippy-env/bin/python $KLIPPER_ARGS
**WorkingDirectory=/home/biqu/klipper
**FragmentPath=/etc/systemd/system/klipper.service
**Description=Klipper 3D Printer Firmware SV1
**User=biqu
Git Repo moonraker: Warnings detected:
  Repo has untracked source files: ['moonraker/components/timelapse.py']
Git Repo klipper: No warnings detected
Git Repo mainsail-config: No warnings detected
Git Repo crowsnest: No warnings detected
Git Repo sonar: No warnings detected
Git Repo timelapse: No warnings detected
Git Repo KlipperScreen: No warnings detected
Klipper Version: v0.12.0-171-g2f6e94c9
2024-04-24 16:11:58,919 [authorization.py:_prune_conn_handler()] - Trusted Connection Expired, IP: 127.0.0.1
2024-04-24 16:11:58,919 [authorization.py:_prune_conn_handler()] - Trusted Connection Expired, IP: 192.168.1.45
2024-04-24 16:35:38,992 [authorization.py:_check_trusted_connection()] - Trusted Connection Detected, IP: 192.168.1.249
2024-04-24 16:35:39,006 [application.py:log_request()] - 404 POST /api/plugin/octopod (192.168.1.249) [_TRUSTED_USER_] 28.27ms
2024-04-24 16:35:39,017 [application.py:log_request()] - 404 GET /api/connection (192.168.1.249) [_TRUSTED_USER_] 27.60ms
2024-04-24 16:47:04,357 [authorization.py:_check_trusted_connection()] - Trusted Connection Detected, IP: 192.168.1.45
2024-04-24 16:47:26,926 [application.py:prepare()] - Upload Request Received from 192.168.1.45
Content-Type: multipart/form-data; boundary=---------------------------33574824085216463221111155483
2024-04-24 16:47:26,935 [application.py:post()] - Processing Uploaded File: adxlmcu.cfg
2024-04-24 16:47:26,951 [application.py:log_request()] - 201 POST /server/files/upload (192.168.1.45) [_TRUSTED_USER_] 28.43ms
2024-04-24 16:51:18,659 [application.py:prepare()] - Upload Request Received from 192.168.1.45
Content-Type: multipart/form-data; boundary=---------------------------197751282733687022872780818681
2024-04-24 16:51:18,666 [application.py:post()] - Processing Uploaded File: adxlmcu.cfg
2024-04-24 16:51:18,681 [application.py:log_request()] - 201 POST /server/files/upload (192.168.1.45) [_TRUSTED_USER_] 24.52ms
2024-04-24 16:51:25,875 [application.py:prepare()] - Upload Request Received from 192.168.1.45
Content-Type: multipart/form-data; boundary=---------------------------140790320726024953042211366430
2024-04-24 16:51:25,882 [application.py:post()] - Processing Uploaded File: printer.cfg
2024-04-24 16:51:25,898 [application.py:log_request()] - 201 POST /server/files/upload (192.168.1.45) [_TRUSTED_USER_] 25.30ms
2024-04-24 16:51:26,966 [klippy_connection.py:_on_connection_closed()] - Klippy Connection Removed
2024-04-24 16:51:27,015 [authorization.py:_check_trusted_connection()] - Trusted Connection Detected, IP: 127.0.0.1
2024-04-24 16:51:27,043 [application.py:log_request()] - 404 GET /machine/device_power/devices (127.0.0.1) [_TRUSTED_USER_] 5.67ms
2024-04-24 16:51:28,235 [klippy_connection.py:_do_connect()] - Klippy Connection Established
2024-04-24 16:51:30,809 [application.py:log_request()] - 404 GET /machine/device_power/devices (127.0.0.1) [_TRUSTED_USER_] 5.54ms
2024-04-24 16:51:31,461 [file_manager.py:get_file_list()] - Updating File List <gcodes>...
2024-04-24 16:52:02,514 [websockets.py:on_close()] - Websocket Closed: ID: 281473477406976 Close Code: None, Close Reason: None, Pong Time Elapsed: 4.28
2024-04-24 16:52:02,532 [klippy_connection.py:close()] - Error closing Klippy Unix Socket
Traceback (most recent call last):
  File "/home/biqu/moonraker/moonraker/components/klippy_connection.py", line 769, in close
    await self.writer.wait_closed()
  File "/usr/lib/python3.9/asyncio/streams.py", line 359, in wait_closed
    await self._protocol._get_close_waiter(self)
  File "/usr/lib/python3.9/asyncio/selector_events.py", line 918, in write
    n = self._sock.send(data)
BrokenPipeError: [Errno 32] Broken pipe
2024-04-24 16:52:02,533 [klippy_connection.py:_on_connection_closed()] - Klippy Connection Removed
2024-04-24 16:52:03,384 [server.py:_handle_term_signal()] - Exiting with signal SIGTERM
2024-04-24 16:52:03,495 [websockets.py:on_close()] - Websocket Closed: ID: 281473476884320 Close Code: 1001, Close Reason: Server Shutdown, Pong Time Elapsed: 4.63
2024-04-24 16:52:03,510 [database.py:close()] - Database statistics:

announcements:
psize: 4096
depth: 0
branch_pages: 0
leaf_pages: 0
overflow_pages: 0
entries: 0
authorized_users:
psize: 4096
depth: 1
branch_pages: 0
leaf_pages: 1
overflow_pages: 0
entries: 1
gcode_metadata:
psize: 4096
depth: 1
branch_pages: 0
leaf_pages: 1
overflow_pages: 0
entries: 3
history:
psize: 4096
depth: 2
branch_pages: 1
leaf_pages: 4
overflow_pages: 0
entries: 13
mainsail:
psize: 4096
depth: 1
branch_pages: 0
leaf_pages: 1
overflow_pages: 0
entries: 9
moonraker:
psize: 4096
depth: 1
branch_pages: 0
leaf_pages: 1
overflow_pages: 0
entries: 8
update_manager:
psize: 4096
depth: 2
branch_pages: 1
leaf_pages: 3
overflow_pages: 0
entries: 9
webcams:
psize: 4096
depth: 1
branch_pages: 0
leaf_pages: 1
overflow_pages: 0
entries: 1
2024-04-24 16:52:03,520 [server.py:main()] - Server Shutdown
-------------------- Log Start | Wed Apr 24 20:52:16 2024 --------------------
platform: Linux-5.16.17-sun50iw9-aarch64-with-glibc2.31
data_path: /home/biqu/printer_data
is_default_data_path: False
config_file: /home/biqu/printer_data/config/moonraker.conf
startup_warnings: []
verbose: False
debug: False
asyncio_debug: False
is_backup_config: False
is_python_package: False
instance_uuid: b8a6f633d2d8404eb18f8f8a5fdf6b8c
unix_socket_path: /home/biqu/printer_data/comms/moonraker.sock
software_version: v0.8.0-327-g9447494
git_branch: master
git_remote: origin
git_repo_url: https://github.com/Arksine/moonraker.git
modified_files: []
unofficial_components: []
log_file: /home/biqu/printer_data/logs/moonraker.log
python_version: 3.9.2 (default, Feb 28 2021, 17:03:44)  [GCC 10.2.1 20210110]
launch_args: /home/biqu/moonraker-env/bin/python /home/biqu/moonraker/moonraker/moonraker.py -d /home/biqu/printer_data
msgspec_enabled: False
uvloop_enabled: False
2024-04-24 16:52:16,784 [confighelper.py:read_file()] - Configuration File '/home/biqu/printer_data/config/moonraker.conf' parsed, total size: 1580 B
2024-04-24 16:52:16,785 [server.py:add_log_rollover_item()] - 
#################### Moonraker Configuration ####################

[server]
host = 0.0.0.0
port = 7125
klippy_uds_address = /home/biqu/printer_data/comms/klippy.sock

[authorization]
trusted_clients = 
	10.0.0.0/8
	127.0.0.0/8
	169.254.0.0/16
	172.16.0.0/12
	192.168.0.0/16
	FE80::/10
	::1/128
cors_domains = 
	*.lan
	*.local
	*://localhost
	*://localhost:*
	*://my.mainsail.xyz
	*://app.fluidd.xyz

[octoprint_compat]

[history]

[update_manager]
channel = dev
refresh_interval = 168

[update_manager mainsail-config]
type = git_repo
primary_branch = master
path = ~/mainsail-config
origin = https://github.com/mainsail-crew/mainsail-config.git
managed_services = klipper

[update_manager mainsail]
type = web
channel = stable
repo = mainsail-crew/mainsail
path = ~/mainsail

[update_manager crowsnest]
type = git_repo
path = ~/crowsnest
origin = https://github.com/mainsail-crew/crowsnest.git
install_script = tools/install.sh

[update_manager sonar]
type = git_repo
path = ~/sonar
origin = https://github.com/mainsail-crew/sonar.git
primary_branch = main
managed_services = sonar
install_script = tools/install.sh

[update_manager timelapse]
type = git_repo
primary_branch = main
path = ~/moonraker-timelapse
origin = https://github.com/mainsail-crew/moonraker-timelapse.git
managed_services = klipper moonraker

[update_manager KlipperScreen]
type = git_repo
path = ~/KlipperScreen
origin = https://github.com/bigtreetech/KlipperScreen.git
env = ~/.KlipperScreen-env/bin/python
requirements = scripts/KlipperScreen-requirements.txt
install_script = scripts/KlipperScreen-install.sh
managed_services = KlipperScreen

#################################################################
All Configuration Files:
/home/biqu/printer_data/config/moonraker.conf
#################################################################
2024-04-24 16:52:17,551 [server.py:load_component()] - Component (secrets) loaded
2024-04-24 16:52:17,606 [server.py:load_component()] - Component (template) loaded
2024-04-24 16:52:17,652 [server.py:load_component()] - Component (klippy_connection) loaded
2024-04-24 16:52:18,813 [server.py:load_component()] - Component (application) loaded
2024-04-24 16:52:18,974 [server.py:load_component()] - Component (websockets) loaded
2024-04-24 16:52:19,488 [server.py:load_component()] - Component (dbus_manager) loaded
2024-04-24 16:52:19,589 [server.py:add_log_rollover_item()] - 
Database Versions: pylmdb = 1.3.0, lmdb = (0, 9, 29)
Unsafe Shutdown Count: 29
2024-04-24 16:52:19,729 [server.py:load_component()] - Component (database) loaded
2024-04-24 16:52:19,904 [file_manager.py:__init__()] - Using File System Observer: inotify
2024-04-24 16:52:20,041 [server.py:load_component()] - Component (file_manager) loaded
2024-04-24 16:52:20,119 [authorization.py:__init__()] - Authorization Configuration Loaded
Trusted Clients:
10.0.0.0/8
127.0.0.0/8
169.254.0.0/16
172.16.0.0/12
192.168.0.0/16
fe80::/10
::1/128
CORS Domains:
.*\.lan
.*\.local
.*://localhost
.*://localhost:.*
.*://my\.mainsail\.xyz
.*://app\.fluidd\.xyz
2024-04-24 16:52:20,143 [server.py:load_component()] - Component (authorization) loaded
2024-04-24 16:52:20,181 [server.py:load_component()] - Component (klippy_apis) loaded
2024-04-24 16:52:21,006 [server.py:add_log_rollover_item()] - 
System Info:

***python***
  version: (3, 9, 2, 'final', 0)
  version_string: 3.9.2 (default, Feb 28 2021, 17:03:44)  [GCC 10.2.1 20210110]

***cpu_info***
  cpu_count: 4
  bits: 64bit
  processor: aarch64
  cpu_desc: 
  serial_number: 
  hardware_desc: 
  model: 
  total_memory: 1010636
  memory_units: kB

***sd_info***

***distribution***
  name: Debian GNU/Linux 11 (bullseye)
  id: debian
  version: 11
  version_parts: {'major': '11', 'minor': '', 'build_number': ''}
  like: 
  codename: bullseye
  release_info: {'name': '# PLEASE DO NOT EDIT THIS FILE', 'id': 'board'}
  kernel_version: 5.16.17-sun50iw9

***virtualization***
  virt_type: none
  virt_identifier: none

***network***

***canbus***

***Allowed Services***
  klipper_mcu
  webcamd
  MoonCord
  KlipperScreen
  moonraker-telegram-bot
  moonraker-obico
  sonar
  crowsnest
  octoeverywhere
2024-04-24 16:52:21,029 [server.py:load_component()] - Component (shell_command) loaded
2024-04-24 16:52:21,030 [machine.py:__init__()] - Using System Provider: systemd_dbus
2024-04-24 16:52:21,097 [server.py:add_log_rollover_item()] - Module libcamera unavailble, import failed
2024-04-24 16:52:21,098 [server.py:load_component()] - Component (machine) loaded
2024-04-24 16:52:21,116 [server.py:load_component()] - Component (data_store) loaded
2024-04-24 16:52:21,134 [proc_stats.py:__init__()] - Unable to find 'vcgencmd', throttle checking disabled
2024-04-24 16:52:21,138 [server.py:load_component()] - Component (proc_stats) loaded
2024-04-24 16:52:21,151 [server.py:load_component()] - Component (job_state) loaded
2024-04-24 16:52:21,203 [server.py:load_component()] - Component (job_queue) loaded
2024-04-24 16:52:21,236 [server.py:load_component()] - Component (http_client) loaded
2024-04-24 16:52:21,274 [server.py:load_component()] - Component (announcements) loaded
2024-04-24 16:52:21,300 [server.py:load_component()] - Component (webcam) loaded
2024-04-24 16:52:21,315 [server.py:load_component()] - Component (extensions) loaded
2024-04-24 16:52:21,723 [base_deploy.py:log_info()] - Git Repo moonraker: Detected virtualenv: /home/biqu/moonraker-env
2024-04-24 16:52:21,741 [base_deploy.py:log_info()] - Git Repo klipper: Detected virtualenv: /home/biqu/klippy-env
2024-04-24 16:52:21,812 [base_deploy.py:log_info()] - Git Repo KlipperScreen: Option 'env' is deprecated, use 'virtualenv' instead.
2024-04-24 16:52:21,817 [base_deploy.py:log_info()] - Git Repo KlipperScreen: Detected virtualenv: /home/biqu/.KlipperScreen-env
2024-04-24 16:52:21,842 [server.py:load_component()] - Component (update_manager) loaded
2024-04-24 16:52:21,868 [server.py:load_component()] - Component (history) loaded
2024-04-24 16:52:21,913 [server.py:load_component()] - Component (octoprint_compat) loaded
2024-04-24 16:52:21,929 [server.py:_initialize_component()] - Performing Component Post Init: [dbus_manager]
2024-04-24 16:52:22,180 [server.py:_initialize_component()] - Performing Component Post Init: [file_manager]
2024-04-24 16:52:22,263 [server.py:_initialize_component()] - Performing Component Post Init: [authorization]
2024-04-24 16:52:22,264 [server.py:_initialize_component()] - Performing Component Post Init: [machine]
2024-04-24 16:52:22,269 [machine.py:validation_init()] - Installation version in database up to date
2024-04-24 16:52:23,352 [machine.py:check_virt_status()] - No Virtualization Detected
2024-04-24 16:52:23,396 [machine.py:_find_public_ip()] - Detected Local IP: 192.168.1.250
2024-04-24 16:52:23,409 [webcam.py:_set_default_host_ip()] - Default public webcam address set: http://192.168.1.250
2024-04-24 16:52:23,671 [server.py:add_log_rollover_item()] - 
Systemd unit moonraker.service:
unit_name: moonraker.service
is_default: True
manager: systemd
Properties:
**Requires=['sysinit.target', 'system.slice', 'network-online.target', '-.mount']
**After=['-.mount', 'basic.target', 'sysinit.target', 'system.slice', 'systemd-journald.socket', 'network-online.target']
**SupplementaryGroups=['moonraker-admin']
**EnvironmentFiles=/home/biqu/printer_data/systemd/moonraker.env
**ExecStart=/home/biqu/moonraker-env/bin/python $MOONRAKER_ARGS
**WorkingDirectory=/home/biqu/moonraker
**FragmentPath=/etc/systemd/system/moonraker.service
**Description=API Server for Klipper SV1
**User=biqu
2024-04-24 16:52:23,672 [server.py:_initialize_component()] - Performing Component Post Init: [proc_stats]
2024-04-24 16:52:23,672 [server.py:_initialize_component()] - Performing Component Post Init: [announcements]
2024-04-24 16:52:23,688 [server.py:_initialize_component()] - Performing Component Post Init: [webcam]
2024-04-24 16:52:23,689 [webcam.py:_set_default_host_ip()] - Default public webcam address set: http://192.168.1.250
2024-04-24 16:52:23,695 [server.py:_initialize_component()] - Performing Component Post Init: [klippy_connection]
2024-04-24 16:52:23,699 [server.py:add_log_rollover_item()] - 
Systemd unit klipper.service:
unit_name: klipper.service
is_default: True
manager: systemd
Properties:
**Requires=['system.slice', '-.mount', 'sysinit.target']
**After=['system.slice', 'klipper-mcu.service', '-.mount', 'network-online.target', 'systemd-journald.socket', 'sysinit.target', 'basic.target']
**SupplementaryGroups=[]
**EnvironmentFiles=/home/biqu/printer_data/systemd/klipper.env
**ExecStart=/home/biqu/klippy-env/bin/python $KLIPPER_ARGS
**WorkingDirectory=/home/biqu/klipper
**FragmentPath=/etc/systemd/system/klipper.service
**Description=Klipper 3D Printer Firmware SV1
**User=biqu
2024-04-24 16:52:23,699 [server.py:_initialize_component()] - Performing Component Post Init: [update_manager]
2024-04-24 16:52:23,717 [server.py:_initialize_component()] - Performing Component Post Init: [history]
2024-04-24 16:52:24,512 [base_deploy.py:log_info()] - PackageDeploy: PackageKit Provider Configured
2024-04-24 16:52:24,514 [base_deploy.py:log_info()] - Git Repo moonraker: Stored pip version: 23.0.1
2024-04-24 16:52:24,518 [git_deploy.py:log_repo_info()] - Git Repo moonraker Detected:
Owner: Arksine
Repository Name: moonraker
Path: /home/biqu/moonraker
Remote: origin
Branch: master
Remote URL: https://github.com/Arksine/moonraker.git
Recovery URL: https://github.com/Arksine/moonraker.git
Current Commit SHA: 9447494bd50dcc254525a8edc2eb2c90a9528b2c
Upstream Commit SHA: 9447494bd50dcc254525a8edc2eb2c90a9528b2c
Current Version: v0.8.0-327-g9447494b
Upstream Version: v0.8.0-327-g9447494b
Rollback Commit: 99b97afc7de1ed16ddc7db29ab6354bd6ea3dfb7
Rollback Branch: master
Rollback Version: v0.8.0-325-g99b97afc
Is Dirty: False
Is Detached: False
Is Shallow: False
Commits Behind Count: 0
Diverged: False
Repo Warnings:
  Repo has untracked source files: ['moonraker/components/timelapse.py']
2024-04-24 16:52:24,520 [base_deploy.py:log_info()] - Git Repo klipper: Stored pip version: 23.0.1
2024-04-24 16:52:24,523 [git_deploy.py:log_repo_info()] - Git Repo klipper Detected:
Owner: Klipper3d
Repository Name: klipper
Path: /home/biqu/klipper
Remote: origin
Branch: master
Remote URL: https://github.com/Klipper3d/klipper
Recovery URL: https://github.com/Klipper3d/klipper
Current Commit SHA: 2f6e94c94cae036b70b02df996dc12e2e61e5dcb
Upstream Commit SHA: 2f6e94c94cae036b70b02df996dc12e2e61e5dcb
Current Version: v0.12.0-171-g2f6e94c9
Upstream Version: v0.12.0-171-g2f6e94c9
Rollback Commit: 01c7befacb5b71643130433f2afb3f22ece68d71
Rollback Branch: master
Rollback Version: v0.12.0-143-g01c7befa
Is Dirty: False
Is Detached: False
Is Shallow: False
Commits Behind Count: 0
Diverged: False
2024-04-24 16:52:24,526 [git_deploy.py:log_repo_info()] - Git Repo mainsail-config Detected:
Owner: mainsail-crew
Repository Name: mainsail-config
Path: /home/biqu/mainsail-config
Remote: origin
Branch: master
Remote URL: https://github.com/mainsail-crew/mainsail-config.git
Recovery URL: https://github.com/mainsail-crew/mainsail-config.git
Current Commit SHA: e57810d51b5c634aadaca4db923bfcba269ae4b3
Upstream Commit SHA: e57810d51b5c634aadaca4db923bfcba269ae4b3
Current Version: v1.2.1-0-ge57810d5
Upstream Version: v1.2.1-0-ge57810d5
Rollback Commit: e57810d51b5c634aadaca4db923bfcba269ae4b3
Rollback Branch: master
Rollback Version: v1.2.1-0-ge57810d
Is Dirty: False
Is Detached: False
Is Shallow: False
Commits Behind Count: 0
Diverged: False
2024-04-24 16:52:24,548 [base_deploy.py:log_info()] - Web Client mainsail: Detected
Repo: mainsail-crew/mainsail
Channel: stable
Path: /home/biqu/mainsail
Local Version: v2.10.0
Remote Version: v2.10.0
Valid: True
Fallback Detected: False
Pre-release: False
Download Url: https://github.com/mainsail-crew/mainsail/releases/download/v2.10.0/mainsail.zip
Download Size: 2081565
Content Type: application/zip
Rollback Version: v2.10.0
Rollback Repo: mainsail-crew/mainsail
2024-04-24 16:52:24,559 [git_deploy.py:log_repo_info()] - Git Repo crowsnest Detected:
Owner: mainsail-crew
Repository Name: crowsnest
Path: /home/biqu/crowsnest
Remote: origin
Branch: master
Remote URL: https://github.com/mainsail-crew/crowsnest.git
Recovery URL: https://github.com/mainsail-crew/crowsnest.git
Current Commit SHA: 6ac4711e17f6f7c51998d1f928166fdaee383bf7
Upstream Commit SHA: 6ac4711e17f6f7c51998d1f928166fdaee383bf7
Current Version: v4.1.8-1-g6ac4711e
Upstream Version: v4.1.8-1-g6ac4711e
Rollback Commit: 6ac4711e17f6f7c51998d1f928166fdaee383bf7
Rollback Branch: master
Rollback Version: v4.1.8-1-g6ac4711
Is Dirty: False
Is Detached: False
Is Shallow: False
Commits Behind Count: 0
Diverged: False
2024-04-24 16:52:24,573 [git_deploy.py:log_repo_info()] - Git Repo sonar Detected:
Owner: mainsail-crew
Repository Name: sonar
Path: /home/biqu/sonar
Remote: origin
Branch: main
Remote URL: https://github.com/mainsail-crew/sonar.git
Recovery URL: https://github.com/mainsail-crew/sonar.git
Current Commit SHA: eacc498a52f79292063b6f9b0e0c191c34c5dc09
Upstream Commit SHA: eacc498a52f79292063b6f9b0e0c191c34c5dc09
Current Version: v0.1.3-1-geacc498a
Upstream Version: v0.1.3-1-geacc498a
Rollback Commit: eacc498a52f79292063b6f9b0e0c191c34c5dc09
Rollback Branch: main
Rollback Version: v0.1.3-1-geacc498
Is Dirty: False
Is Detached: False
Is Shallow: False
Commits Behind Count: 0
Diverged: False
2024-04-24 16:52:24,577 [git_deploy.py:log_repo_info()] - Git Repo timelapse Detected:
Owner: mainsail-crew
Repository Name: moonraker-timelapse
Path: /home/biqu/moonraker-timelapse
Remote: origin
Branch: main
Remote URL: https://github.com/mainsail-crew/moonraker-timelapse.git
Recovery URL: https://github.com/mainsail-crew/moonraker-timelapse.git
Current Commit SHA: c7fff11e542b95e0e15b8bb1443cea8159ac0274
Upstream Commit SHA: c7fff11e542b95e0e15b8bb1443cea8159ac0274
Current Version: v0.0.1-143-gc7fff11e
Upstream Version: v0.0.1-143-gc7fff11e
Rollback Commit: c7fff11e542b95e0e15b8bb1443cea8159ac0274
Rollback Branch: main
Rollback Version: v0.0.1-143-gc7fff11
Is Dirty: False
Is Detached: False
Is Shallow: False
Commits Behind Count: 0
Diverged: False
2024-04-24 16:52:24,585 [git_deploy.py:log_repo_info()] - Git Repo KlipperScreen Detected:
Owner: bigtreetech
Repository Name: KlipperScreen
Path: /home/biqu/KlipperScreen
Remote: origin
Branch: master
Remote URL: https://github.com/bigtreetech/KlipperScreen.git
Recovery URL: https://github.com/bigtreetech/KlipperScreen.git
Current Commit SHA: 9d3e877adce57795b7974e6e7eb4c51e2aea48aa
Upstream Commit SHA: 9d3e877adce57795b7974e6e7eb4c51e2aea48aa
Current Version: v0.0.0-1254-g9d3e877a-inferred
Upstream Version: v0.0.0-1254-inferred
Rollback Commit: 9d3e877adce57795b7974e6e7eb4c51e2aea48aa
Rollback Branch: master
Rollback Version: 9d3e877
Is Dirty: False
Is Detached: False
Is Shallow: False
Commits Behind Count: 0
Diverged: False
2024-04-24 16:52:24,586 [base_deploy.py:log_info()] - PackageKit: Next refresh in: 5 Days, 22 Hours, 39 Minutes, 22 Seconds
2024-04-24 16:52:24,587 [base_deploy.py:log_info()] - Git Repo moonraker: Next refresh in: 5 Days, 22 Hours, 39 Minutes, 34 Seconds
2024-04-24 16:52:24,587 [base_deploy.py:log_info()] - Git Repo klipper: Next refresh in: 5 Days, 22 Hours, 39 Minutes, 27 Seconds
2024-04-24 16:52:24,588 [base_deploy.py:log_info()] - Git Repo mainsail-config: Next refresh in: 5 Days, 22 Hours, 27 Minutes, 27 Seconds
2024-04-24 16:52:24,588 [base_deploy.py:log_info()] - Web Client mainsail: Next refresh in: 5 Days, 22 Hours, 27 Minutes, 27 Seconds
2024-04-24 16:52:24,589 [base_deploy.py:log_info()] - Git Repo crowsnest: Next refresh in: 5 Days, 22 Hours, 27 Minutes, 28 Seconds
2024-04-24 16:52:24,589 [base_deploy.py:log_info()] - Git Repo sonar: Next refresh in: 5 Days, 22 Hours, 27 Minutes, 29 Seconds
2024-04-24 16:52:24,590 [base_deploy.py:log_info()] - Git Repo timelapse: Next refresh in: 5 Days, 22 Hours, 27 Minutes, 30 Seconds
2024-04-24 16:52:24,590 [base_deploy.py:log_info()] - Git Repo KlipperScreen: Next refresh in: 5 Days, 22 Hours, 27 Minutes, 31 Seconds
2024-04-24 16:52:24,604 [extensions.py:start_unix_server()] - Creating Unix Domain Socket at '/home/biqu/printer_data/comms/moonraker.sock'
2024-04-24 16:52:24,607 [server.py:start_server()] - Starting Moonraker on (0.0.0.0, 7125), Hostname: BTT-Pad7
2024-04-24 16:52:24,611 [application.py:listen()] - SSL Certificate/Key not configured, aborting HTTPS Server startup
2024-04-24 16:52:24,867 [klippy_connection.py:_do_connect()] - Klippy Connection Established
2024-04-24 16:52:25,058 [authorization.py:_check_trusted_connection()] - Trusted Connection Detected, IP: 192.168.1.45
2024-04-24 16:52:25,068 [application.py:log_request()] - 101 GET /websocket (192.168.1.45) [_TRUSTED_USER_] 16.58ms
2024-04-24 16:52:25,071 [websockets.py:open()] - Websocket Opened: ID: 281473503124736, Proxied: True, User Agent: Mozilla/5.0 (Windows NT 10.0; Win64; x64; rv:125.0) Gecko/20100101 Firefox/125.0, Host Name: btt-pad7.local
2024-04-24 16:52:25,087 [websockets.py:_handle_identify()] - Websocket 281473503124736 Client Identified - Name: mainsail, Version: 2.10.0, Type: web
2024-04-24 16:52:25,161 [server.py:add_log_rollover_item()] - 
Systemd unit klipper.service:
unit_name: klipper.service
is_default: True
manager: systemd
Properties:
**Requires=['system.slice', '-.mount', 'sysinit.target']
**After=['-.mount', 'klipper-mcu.service', 'basic.target', 'sysinit.target', 'network-online.target', 'system.slice', 'systemd-journald.socket']
**SupplementaryGroups=[]
**EnvironmentFiles=/home/biqu/printer_data/systemd/klipper.env
**ExecStart=/home/biqu/klippy-env/bin/python $KLIPPER_ARGS
**WorkingDirectory=/home/biqu/klipper
**FragmentPath=/etc/systemd/system/klipper.service
**Description=Klipper 3D Printer Firmware SV1
**User=biqu
2024-04-24 16:52:25,419 [server.py:add_log_rollover_item()] - Klipper Version: v0.12.0-171-g2f6e94c9
2024-04-24 16:52:27,646 [authorization.py:_check_trusted_connection()] - Trusted Connection Detected, IP: 127.0.0.1
2024-04-24 16:52:27,713 [application.py:log_request()] - 101 GET /websocket?token=W6YKM2HWW4YM7Y5PXUOFXOF3QIQMWJ5D (127.0.0.1) [_TRUSTED_USER_] 17.31ms
2024-04-24 16:52:27,715 [websockets.py:open()] - Websocket Opened: ID: 281473529715728, Proxied: False, User Agent: , Host Name: 127.0.0.1
2024-04-24 16:52:27,845 [application.py:log_request()] - 404 GET /machine/device_power/devices (127.0.0.1) [_TRUSTED_USER_] 45.52ms
2024-04-24 16:52:28,395 [file_manager.py:get_file_list()] - Updating File List <gcodes>...
2024-04-24 16:54:05,024 [klippy_connection.py:_request_initial_subscriptions()] - Webhooks Subscribed
2024-04-24 16:54:05,031 [klippy_connection.py:_request_initial_subscriptions()] - GCode Output Subscribed
2024-04-24 16:54:05,036 [klippy_connection.py:_check_ready()] - 
mcu 'rpi': Unable to connect
Once the underlying issue is corrected, use the
"FIRMWARE_RESTART" command to reset the firmware, reload the
config, and restart the host software.
Error configuring printer

2024-04-24 16:58:03,084 [application.py:prepare()] - Upload Request Received from 192.168.1.45
Content-Type: multipart/form-data; boundary=---------------------------3352702500173191795273575773
2024-04-24 16:58:03,097 [application.py:post()] - Processing Uploaded File: adxlmcu.cfg
2024-04-24 16:58:03,112 [application.py:log_request()] - 201 POST /server/files/upload (192.168.1.45) [_TRUSTED_USER_] 30.84ms
2024-04-24 16:58:04,439 [klippy_connection.py:_on_connection_closed()] - Klippy Connection Removed
2024-04-24 16:58:04,529 [application.py:log_request()] - 404 GET /machine/device_power/devices (127.0.0.1) [_TRUSTED_USER_] 6.39ms
2024-04-24 16:58:04,699 [klippy_connection.py:_do_connect()] - Klippy Connection Established
2024-04-24 16:58:07,521 [application.py:log_request()] - 404 GET /machine/device_power/devices (127.0.0.1) [_TRUSTED_USER_] 5.11ms
2024-04-24 16:58:07,978 [file_manager.py:get_file_list()] - Updating File List <gcodes>...
2024-04-24 16:59:38,374 [klippy_connection.py:_request_initial_subscriptions()] - Webhooks Subscribed
2024-04-24 16:59:38,381 [klippy_connection.py:_request_initial_subscriptions()] - GCode Output Subscribed
2024-04-24 16:59:38,386 [klippy_connection.py:_check_ready()] - 
mcu 'rpi': Unable to connect
Once the underlying issue is corrected, use the
"FIRMWARE_RESTART" command to reset the firmware, reload the
config, and restart the host software.
Error configuring printer

2024-04-24 17:03:19,284 [application.py:prepare()] - Upload Request Received from 192.168.1.45
Content-Type: multipart/form-data; boundary=---------------------------42235590232644874779554773151
2024-04-24 17:03:19,291 [application.py:post()] - Processing Uploaded File: adxlmcu.cfg
2024-04-24 17:03:19,306 [application.py:log_request()] - 201 POST /server/files/upload (192.168.1.45) [_TRUSTED_USER_] 24.41ms
2024-04-24 17:03:20,443 [klippy_connection.py:close()] - Error closing Klippy Unix Socket
Traceback (most recent call last):
  File "/home/biqu/moonraker/moonraker/components/klippy_connection.py", line 769, in close
    await self.writer.wait_closed()
  File "/usr/lib/python3.9/asyncio/streams.py", line 359, in wait_closed
    await self._protocol._get_close_waiter(self)
  File "/home/biqu/moonraker/moonraker/components/klippy_connection.py", line 172, in _read_stream
    data = await reader.readuntil(b'\x03')
  File "/usr/lib/python3.9/asyncio/streams.py", line 632, in readuntil
    await self._wait_for_data('readuntil')
  File "/usr/lib/python3.9/asyncio/streams.py", line 517, in _wait_for_data
    await self._waiter
  File "/usr/lib/python3.9/asyncio/selector_events.py", line 856, in _read_ready__data_received
    data = self._sock.recv(self.max_size)
ConnectionResetError: [Errno 104] Connection reset by peer
2024-04-24 17:03:20,444 [klippy_connection.py:_on_connection_closed()] - Klippy Connection Removed
2024-04-24 17:03:20,449 [common.py:build_error()] - JSON-RPC Request Error - Requested Method: printer.info, Code: 503, Message: Klippy Disconnected
2024-04-24 17:03:20,524 [application.py:log_request()] - 404 GET /machine/device_power/devices (127.0.0.1) [_TRUSTED_USER_] 5.61ms
2024-04-24 17:03:20,703 [klippy_connection.py:_do_connect()] - Klippy Connection Established
2024-04-24 17:03:21,127 [klippy_connection.py:_request_initial_subscriptions()] - Webhooks Subscribed
2024-04-24 17:03:21,131 [klippy_connection.py:_request_initial_subscriptions()] - GCode Output Subscribed
2024-04-24 17:03:21,136 [klippy_connection.py:_check_ready()] - 
Unknown pin chip name 'CB1'

Once the underlying issue is corrected, use the "RESTART"
command to reload the config and restart the host software.
Printer is halted

2024-04-24 17:03:23,520 [application.py:log_request()] - 404 GET /machine/device_power/devices (127.0.0.1) [_TRUSTED_USER_] 5.35ms
2024-04-24 17:03:23,957 [file_manager.py:get_file_list()] - Updating File List <gcodes>...
2024-04-24 17:04:49,832 [application.py:prepare()] - Upload Request Received from 192.168.1.45
Content-Type: multipart/form-data; boundary=---------------------------1644641907633615103824122604
2024-04-24 17:04:49,839 [application.py:post()] - Processing Uploaded File: adxlmcu.cfg
2024-04-24 17:04:49,853 [application.py:log_request()] - 201 POST /server/files/upload (192.168.1.45) [_TRUSTED_USER_] 23.58ms
2024-04-24 17:04:50,204 [klippy_connection.py:_on_connection_closed()] - Klippy Connection Removed
2024-04-24 17:04:50,270 [application.py:log_request()] - 404 GET /machine/device_power/devices (127.0.0.1) [_TRUSTED_USER_] 5.28ms
2024-04-24 17:04:51,470 [klippy_connection.py:_do_connect()] - Klippy Connection Established
2024-04-24 17:04:51,902 [klippy_connection.py:_request_initial_subscriptions()] - Webhooks Subscribed
2024-04-24 17:04:51,906 [klippy_connection.py:_request_initial_subscriptions()] - GCode Output Subscribed
2024-04-24 17:04:51,911 [klippy_connection.py:_check_ready()] - 
Unknown pin chip name 'CB1'

Once the underlying issue is corrected, use the "RESTART"
command to reload the config and restart the host software.
Printer is halted

2024-04-24 17:04:53,522 [application.py:log_request()] - 404 GET /machine/device_power/devices (127.0.0.1) [_TRUSTED_USER_] 5.41ms
2024-04-24 17:04:53,980 [file_manager.py:get_file_list()] - Updating File List <gcodes>...
2024-04-24 17:05:59,800 [application.py:prepare()] - Upload Request Received from 192.168.1.45
Content-Type: multipart/form-data; boundary=---------------------------129276178215065419822859362954
2024-04-24 17:05:59,807 [application.py:post()] - Processing Uploaded File: printer.cfg
2024-04-24 17:05:59,822 [application.py:log_request()] - 201 POST /server/files/upload (192.168.1.45) [_TRUSTED_USER_] 24.20ms
2024-04-24 17:06:00,174 [klippy_connection.py:_on_connection_closed()] - Klippy Connection Removed
2024-04-24 17:06:00,239 [application.py:log_request()] - 404 GET /machine/device_power/devices (127.0.0.1) [_TRUSTED_USER_] 5.22ms
2024-04-24 17:06:01,439 [klippy_connection.py:_do_connect()] - Klippy Connection Established
2024-04-24 17:06:01,979 [klippy_connection.py:_request_initial_subscriptions()] - Webhooks Subscribed
2024-04-24 17:06:01,982 [klippy_connection.py:_request_initial_subscriptions()] - GCode Output Subscribed
2024-04-24 17:06:01,987 [klippy_connection.py:_check_ready()] - 
Unknown pin chip name 'CB1'

Once the underlying issue is corrected, use the "RESTART"
command to reload the config and restart the host software.
Printer is halted

2024-04-24 17:06:03,530 [application.py:log_request()] - 404 GET /machine/device_power/devices (127.0.0.1) [_TRUSTED_USER_] 6.26ms
2024-04-24 17:06:04,055 [file_manager.py:get_file_list()] - Updating File List <gcodes>...
2024-04-24 17:06:25,311 [application.py:prepare()] - Upload Request Received from 192.168.1.45
Content-Type: multipart/form-data; boundary=---------------------------137956460240070210354036385535
2024-04-24 17:06:25,318 [application.py:post()] - Processing Uploaded File: printer.cfg
2024-04-24 17:06:25,333 [application.py:log_request()] - 201 POST /server/files/upload (192.168.1.45) [_TRUSTED_USER_] 24.48ms
2024-04-24 17:06:25,679 [klippy_connection.py:_on_connection_closed()] - Klippy Connection Removed
2024-04-24 17:06:25,744 [application.py:log_request()] - 404 GET /machine/device_power/devices (127.0.0.1) [_TRUSTED_USER_] 5.24ms
2024-04-24 17:06:26,946 [klippy_connection.py:_do_connect()] - Klippy Connection Established
2024-04-24 17:06:27,480 [klippy_connection.py:_request_initial_subscriptions()] - Webhooks Subscribed
2024-04-24 17:06:27,484 [klippy_connection.py:_request_initial_subscriptions()] - GCode Output Subscribed
2024-04-24 17:06:27,489 [klippy_connection.py:_check_ready()] - 
Option 'cs_pin' in section 'adxl345' must be specified

Once the underlying issue is corrected, use the "RESTART"
command to reload the config and restart the host software.
Printer is halted

2024-04-24 17:06:29,519 [application.py:log_request()] - 404 GET /machine/device_power/devices (127.0.0.1) [_TRUSTED_USER_] 5.02ms
2024-04-24 17:06:30,060 [file_manager.py:get_file_list()] - Updating File List <gcodes>...
2024-04-24 17:08:33,506 [application.py:prepare()] - Upload Request Received from 192.168.1.45
Content-Type: multipart/form-data; boundary=---------------------------11232756712573331151196806146
2024-04-24 17:08:33,513 [application.py:post()] - Processing Uploaded File: printer.cfg
2024-04-24 17:08:33,528 [application.py:log_request()] - 201 POST /server/files/upload (192.168.1.45) [_TRUSTED_USER_] 24.05ms
2024-04-24 17:08:33,885 [klippy_connection.py:_on_connection_closed()] - Klippy Connection Removed
2024-04-24 17:08:33,950 [application.py:log_request()] - 404 GET /machine/device_power/devices (127.0.0.1) [_TRUSTED_USER_] 5.65ms
2024-04-24 17:08:35,151 [klippy_connection.py:_do_connect()] - Klippy Connection Established
2024-04-24 17:08:37,524 [application.py:log_request()] - 404 GET /machine/device_power/devices (127.0.0.1) [_TRUSTED_USER_] 5.85ms
2024-04-24 17:08:38,081 [file_manager.py:get_file_list()] - Updating File List <gcodes>...
2024-04-24 17:08:39,429 [klippy_connection.py:_request_initial_subscriptions()] - Webhooks Subscribed
2024-04-24 17:08:39,435 [klippy_connection.py:_request_initial_subscriptions()] - GCode Output Subscribed
2024-04-24 17:08:39,440 [klippy_connection.py:_check_ready()] - 
MCU Protocol error

This is frequently caused by running an older version of the
firmware on the MCU(s). Fix by recompiling and flashing the
firmware.

Your Klipper version is: v0.12.0-171-g2f6e94c9
MCU(s) which should be updated:
CB1: Current version v0.11.0-122-ge6ef48cd
Up-to-date MCU(s):
mcu: Current version v0.12.0-171-g2f6e94c9

Once the underlying issue is corrected, use the "RESTART"
command to reload the config and restart the host software.

mcu 'CB1': Command format mismatch: query_adxl345 oid=%c rest_ticks=%u vs query_adxl345 oid=%c clock=%u rest_ticks=%u
2024-04-24 17:14:10,788 [application.py:prepare()] - Upload Request Received from 192.168.1.45
Content-Type: multipart/form-data; boundary=---------------------------358942377328527535042309210636
2024-04-24 17:14:10,796 [application.py:post()] - Processing Uploaded File: printer.cfg
2024-04-24 17:14:10,813 [application.py:log_request()] - 201 POST /server/files/upload (192.168.1.45) [_TRUSTED_USER_] 27.16ms
2024-04-24 17:14:10,890 [klippy_connection.py:_on_connection_closed()] - Klippy Connection Removed
2024-04-24 17:14:10,972 [application.py:log_request()] - 404 GET /machine/device_power/devices (127.0.0.1) [_TRUSTED_USER_] 6.16ms
2024-04-24 17:14:12,157 [klippy_connection.py:_do_connect()] - Klippy Connection Established
2024-04-24 17:14:14,533 [application.py:log_request()] - 404 GET /machine/device_power/devices (127.0.0.1) [_TRUSTED_USER_] 6.68ms
2024-04-24 17:14:15,413 [file_manager.py:get_file_list()] - Updating File List <gcodes>...
2024-04-24 17:14:16,268 [klippy_connection.py:_request_initial_subscriptions()] - Webhooks Subscribed
2024-04-24 17:14:16,275 [klippy_connection.py:_request_initial_subscriptions()] - GCode Output Subscribed
2024-04-24 17:14:16,521 [job_state.py:_handle_started()] - Job state initialized: standby
2024-04-24 17:14:16,795 [klippy_connection.py:_check_ready()] - Klippy ready
2024-04-24 17:14:17,286 [data_store.py:_init_sensors()] - Configuring available sensors: ['heater_bed', 'extruder']
2024-04-24 17:15:36,546 [klippy_connection.py:_on_connection_closed()] - Klippy Connection Removed
2024-04-24 17:15:36,633 [application.py:log_request()] - 404 GET /machine/device_power/devices (127.0.0.1) [_TRUSTED_USER_] 6.13ms
2024-04-24 17:15:39,524 [application.py:log_request()] - 404 GET /machine/device_power/devices (127.0.0.1) [_TRUSTED_USER_] 5.49ms
2024-04-24 17:15:42,521 [application.py:log_request()] - 404 GET /machine/device_power/devices (127.0.0.1) [_TRUSTED_USER_] 5.20ms
2024-04-24 17:15:45,521 [application.py:log_request()] - 404 GET /machine/device_power/devices (127.0.0.1) [_TRUSTED_USER_] 5.18ms
2024-04-24 17:15:48,523 [application.py:log_request()] - 404 GET /machine/device_power/devices (127.0.0.1) [_TRUSTED_USER_] 5.68ms
2024-04-24 17:15:50,406 [klippy_connection.py:_do_connect()] - Klippy Connection Established
2024-04-24 17:15:50,608 [server.py:add_log_rollover_item()] - 
Systemd unit klipper.service:
unit_name: klipper.service
is_default: True
manager: systemd
Properties:
**Requires=['sysinit.target', 'system.slice', '-.mount']
**After=['sysinit.target', 'klipper-mcu.service', 'system.slice', 'basic.target', '-.mount', 'systemd-journald.socket', 'network-online.target']
**SupplementaryGroups=[]
**EnvironmentFiles=/home/biqu/printer_data/systemd/klipper.env
**ExecStart=/home/biqu/klippy-env/bin/python $KLIPPER_ARGS
**WorkingDirectory=/home/biqu/klipper
**FragmentPath=/etc/systemd/system/klipper.service
**Description=Klipper 3D Printer Firmware SV1
**User=biqu
2024-04-24 17:15:54,610 [klippy_connection.py:_request_initial_subscriptions()] - Webhooks Subscribed
2024-04-24 17:15:54,613 [klippy_connection.py:_request_initial_subscriptions()] - GCode Output Subscribed
2024-04-24 17:15:54,861 [job_state.py:_handle_started()] - Job state initialized: standby
2024-04-24 17:15:55,167 [klippy_connection.py:_check_ready()] - Klippy ready
2024-04-24 17:15:55,879 [data_store.py:_init_sensors()] - Configuring available sensors: ['heater_bed', 'extruder']
2024-04-24 17:16:55,871 [application.py:prepare()] - Upload Request Received from 192.168.1.45
Content-Type: multipart/form-data; boundary=---------------------------27355644702860229871573606450
2024-04-24 17:16:55,882 [application.py:post()] - Processing Uploaded File: printer.cfg
2024-04-24 17:16:55,903 [application.py:log_request()] - 201 POST /server/files/upload (192.168.1.45) [_TRUSTED_USER_] 35.78ms
2024-04-24 17:21:10,095 [klippy_connection.py:_on_connection_closed()] - Klippy Connection Removed
2024-04-24 17:21:10,194 [application.py:log_request()] - 404 GET /machine/device_power/devices (127.0.0.1) [_TRUSTED_USER_] 5.43ms
2024-04-24 17:21:13,521 [application.py:log_request()] - 404 GET /machine/device_power/devices (127.0.0.1) [_TRUSTED_USER_] 5.37ms
2024-04-24 17:21:16,520 [application.py:log_request()] - 404 GET /machine/device_power/devices (127.0.0.1) [_TRUSTED_USER_] 5.44ms
2024-04-24 17:21:19,520 [application.py:log_request()] - 404 GET /machine/device_power/devices (127.0.0.1) [_TRUSTED_USER_] 4.97ms
2024-04-24 17:21:22,518 [application.py:log_request()] - 404 GET /machine/device_power/devices (127.0.0.1) [_TRUSTED_USER_] 4.96ms
2024-04-24 17:22:20,671 [klippy_connection.py:_do_connect()] - Klippy Connection Established
2024-04-24 17:23:53,671 [klippy_connection.py:_request_initial_subscriptions()] - Webhooks Subscribed
2024-04-24 17:23:53,675 [klippy_connection.py:_request_initial_subscriptions()] - GCode Output Subscribed
2024-04-24 17:23:53,680 [klippy_connection.py:_check_ready()] - 
mcu 'mcu': Unable to connect
Once the underlying issue is corrected, use the
"FIRMWARE_RESTART" command to reset the firmware, reload the
config, and restart the host software.
Error configuring printer

2024-04-24 17:47:55,765 [application.py:prepare()] - Upload Request Received from 192.168.1.45
Content-Type: multipart/form-data; boundary=---------------------------229894767317681978201107889050
2024-04-24 17:47:55,772 [application.py:post()] - Processing Uploaded File: printer.cfg
2024-04-24 17:47:55,789 [application.py:log_request()] - 201 POST /server/files/upload (192.168.1.45) [_TRUSTED_USER_] 25.85ms
2024-04-24 17:47:56,884 [klippy_connection.py:close()] - Error closing Klippy Unix Socket
Traceback (most recent call last):
  File "/home/biqu/moonraker/moonraker/components/klippy_connection.py", line 769, in close
    await self.writer.wait_closed()
  File "/usr/lib/python3.9/asyncio/streams.py", line 359, in wait_closed
    await self._protocol._get_close_waiter(self)
  File "/home/biqu/moonraker/moonraker/components/klippy_connection.py", line 172, in _read_stream
    data = await reader.readuntil(b'\x03')
  File "/usr/lib/python3.9/asyncio/streams.py", line 632, in readuntil
    await self._wait_for_data('readuntil')
  File "/usr/lib/python3.9/asyncio/streams.py", line 517, in _wait_for_data
    await self._waiter
  File "/usr/lib/python3.9/asyncio/selector_events.py", line 856, in _read_ready__data_received
    data = self._sock.recv(self.max_size)
ConnectionResetError: [Errno 104] Connection reset by peer
2024-04-24 17:47:56,885 [klippy_connection.py:_on_connection_closed()] - Klippy Connection Removed
2024-04-24 17:47:56,890 [common.py:build_error()] - JSON-RPC Request Error - Requested Method: printer.info, Code: 503, Message: Klippy Disconnected
2024-04-24 17:47:57,144 [klippy_connection.py:_do_connect()] - Klippy Connection Established
2024-04-24 17:49:29,737 [klippy_connection.py:_request_initial_subscriptions()] - Webhooks Subscribed
2024-04-24 17:49:29,741 [klippy_connection.py:_request_initial_subscriptions()] - GCode Output Subscribed
2024-04-24 17:49:29,747 [klippy_connection.py:_check_ready()] - 
mcu 'mcu': Unable to connect
Once the underlying issue is corrected, use the
"FIRMWARE_RESTART" command to reset the firmware, reload the
config, and restart the host software.
Error configuring printer

-------------------- Log Start | Wed Apr 24 21:17:13 2024 --------------------
platform: Linux-5.16.17-sun50iw9-aarch64-with-glibc2.31
data_path: /home/biqu/printer_data
is_default_data_path: False
config_file: /home/biqu/printer_data/config/moonraker.conf
startup_warnings: []
verbose: False
debug: False
asyncio_debug: False
is_backup_config: False
is_python_package: False
instance_uuid: b8a6f633d2d8404eb18f8f8a5fdf6b8c
unix_socket_path: /home/biqu/printer_data/comms/moonraker.sock
software_version: v0.8.0-327-g9447494
git_branch: master
git_remote: origin
git_repo_url: https://github.com/Arksine/moonraker.git
modified_files: []
unofficial_components: []
log_file: /home/biqu/printer_data/logs/moonraker.log
python_version: 3.9.2 (default, Feb 28 2021, 17:03:44)  [GCC 10.2.1 20210110]
launch_args: /home/biqu/moonraker-env/bin/python /home/biqu/moonraker/moonraker/moonraker.py -d /home/biqu/printer_data
msgspec_enabled: False
uvloop_enabled: False
2024-04-24 17:17:13,791 [confighelper.py:read_file()] - Configuration File '/home/biqu/printer_data/config/moonraker.conf' parsed, total size: 1580 B
2024-04-24 17:17:13,793 [server.py:add_log_rollover_item()] - 
#################### Moonraker Configuration ####################

[server]
host = 0.0.0.0
port = 7125
klippy_uds_address = /home/biqu/printer_data/comms/klippy.sock

[authorization]
trusted_clients = 
	10.0.0.0/8
	127.0.0.0/8
	169.254.0.0/16
	172.16.0.0/12
	192.168.0.0/16
	FE80::/10
	::1/128
cors_domains = 
	*.lan
	*.local
	*://localhost
	*://localhost:*
	*://my.mainsail.xyz
	*://app.fluidd.xyz

[octoprint_compat]

[history]

[update_manager]
channel = dev
refresh_interval = 168

[update_manager mainsail-config]
type = git_repo
primary_branch = master
path = ~/mainsail-config
origin = https://github.com/mainsail-crew/mainsail-config.git
managed_services = klipper

[update_manager mainsail]
type = web
channel = stable
repo = mainsail-crew/mainsail
path = ~/mainsail

[update_manager crowsnest]
type = git_repo
path = ~/crowsnest
origin = https://github.com/mainsail-crew/crowsnest.git
install_script = tools/install.sh

[update_manager sonar]
type = git_repo
path = ~/sonar
origin = https://github.com/mainsail-crew/sonar.git
primary_branch = main
managed_services = sonar
install_script = tools/install.sh

[update_manager timelapse]
type = git_repo
primary_branch = main
path = ~/moonraker-timelapse
origin = https://github.com/mainsail-crew/moonraker-timelapse.git
managed_services = klipper moonraker

[update_manager KlipperScreen]
type = git_repo
path = ~/KlipperScreen
origin = https://github.com/bigtreetech/KlipperScreen.git
env = ~/.KlipperScreen-env/bin/python
requirements = scripts/KlipperScreen-requirements.txt
install_script = scripts/KlipperScreen-install.sh
managed_services = KlipperScreen

#################################################################
All Configuration Files:
/home/biqu/printer_data/config/moonraker.conf
#################################################################
2024-04-24 17:17:14,413 [server.py:load_component()] - Component (secrets) loaded
2024-04-24 17:17:14,439 [server.py:load_component()] - Component (template) loaded
2024-04-24 17:17:14,468 [server.py:load_component()] - Component (klippy_connection) loaded
2024-04-24 17:17:17,030 [server.py:load_component()] - Component (application) loaded
2024-04-24 17:17:17,156 [server.py:load_component()] - Component (websockets) loaded
2024-04-24 17:17:17,587 [server.py:load_component()] - Component (dbus_manager) loaded
2024-04-24 17:17:17,672 [server.py:add_log_rollover_item()] - 
Database Versions: pylmdb = 1.3.0, lmdb = (0, 9, 29)
Unsafe Shutdown Count: 30
2024-04-24 17:17:17,762 [server.py:load_component()] - Component (database) loaded
2024-04-24 17:17:17,923 [file_manager.py:__init__()] - Using File System Observer: inotify
2024-04-24 17:17:18,060 [server.py:load_component()] - Component (file_manager) loaded
2024-04-24 17:17:18,159 [authorization.py:__init__()] - Authorization Configuration Loaded
Trusted Clients:
10.0.0.0/8
127.0.0.0/8
169.254.0.0/16
172.16.0.0/12
192.168.0.0/16
fe80::/10
::1/128
CORS Domains:
.*\.lan
.*\.local
.*://localhost
.*://localhost:.*
.*://my\.mainsail\.xyz
.*://app\.fluidd\.xyz
2024-04-24 17:17:18,201 [server.py:load_component()] - Component (authorization) loaded
2024-04-24 17:17:18,241 [server.py:load_component()] - Component (klippy_apis) loaded
2024-04-24 17:17:19,333 [server.py:add_log_rollover_item()] - 
System Info:

***python***
  version: (3, 9, 2, 'final', 0)
  version_string: 3.9.2 (default, Feb 28 2021, 17:03:44)  [GCC 10.2.1 20210110]

***cpu_info***
  cpu_count: 4
  bits: 64bit
  processor: aarch64
  cpu_desc: 
  serial_number: 
  hardware_desc: 
  model: 
  total_memory: 1010636
  memory_units: kB

***sd_info***

***distribution***
  name: Debian GNU/Linux 11 (bullseye)
  id: debian
  version: 11
  version_parts: {'major': '11', 'minor': '', 'build_number': ''}
  like: 
  codename: bullseye
  release_info: {'name': '# PLEASE DO NOT EDIT THIS FILE', 'id': 'board'}
  kernel_version: 5.16.17-sun50iw9

***virtualization***
  virt_type: none
  virt_identifier: none

***network***

***canbus***

***Allowed Services***
  klipper_mcu
  webcamd
  MoonCord
  KlipperScreen
  moonraker-telegram-bot
  moonraker-obico
  sonar
  crowsnest
  octoeverywhere
2024-04-24 17:17:19,378 [server.py:load_component()] - Component (shell_command) loaded
2024-04-24 17:17:19,380 [machine.py:__init__()] - Using System Provider: systemd_dbus
2024-04-24 17:17:19,457 [server.py:add_log_rollover_item()] - Module libcamera unavailble, import failed
2024-04-24 17:17:19,464 [server.py:load_component()] - Component (machine) loaded
2024-04-24 17:17:19,527 [server.py:load_component()] - Component (data_store) loaded
2024-04-24 17:17:19,547 [proc_stats.py:__init__()] - Unable to find 'vcgencmd', throttle checking disabled
2024-04-24 17:17:19,566 [server.py:load_component()] - Component (proc_stats) loaded
2024-04-24 17:17:19,582 [server.py:load_component()] - Component (job_state) loaded
2024-04-24 17:17:19,649 [server.py:load_component()] - Component (job_queue) loaded
2024-04-24 17:17:19,711 [server.py:load_component()] - Component (http_client) loaded
2024-04-24 17:17:19,762 [server.py:load_component()] - Component (announcements) loaded
2024-04-24 17:17:19,792 [server.py:load_component()] - Component (webcam) loaded
2024-04-24 17:17:19,819 [server.py:load_component()] - Component (extensions) loaded
2024-04-24 17:17:20,221 [base_deploy.py:log_info()] - Git Repo moonraker: Detected virtualenv: /home/biqu/moonraker-env
2024-04-24 17:17:20,253 [base_deploy.py:log_info()] - Git Repo klipper: Detected virtualenv: /home/biqu/klippy-env
2024-04-24 17:17:20,348 [base_deploy.py:log_info()] - Git Repo KlipperScreen: Option 'env' is deprecated, use 'virtualenv' instead.
2024-04-24 17:17:20,365 [base_deploy.py:log_info()] - Git Repo KlipperScreen: Detected virtualenv: /home/biqu/.KlipperScreen-env
2024-04-24 17:17:20,402 [server.py:load_component()] - Component (update_manager) loaded
2024-04-24 17:17:20,449 [server.py:load_component()] - Component (history) loaded
2024-04-24 17:17:20,478 [server.py:load_component()] - Component (octoprint_compat) loaded
2024-04-24 17:17:20,482 [server.py:_initialize_component()] - Performing Component Post Init: [dbus_manager]
2024-04-24 17:17:20,690 [server.py:_initialize_component()] - Performing Component Post Init: [file_manager]
2024-04-24 17:17:20,734 [server.py:_initialize_component()] - Performing Component Post Init: [authorization]
2024-04-24 17:17:20,735 [server.py:_initialize_component()] - Performing Component Post Init: [machine]
2024-04-24 17:17:20,739 [machine.py:validation_init()] - Installation version in database up to date
2024-04-24 17:17:21,803 [machine.py:check_virt_status()] - No Virtualization Detected
2024-04-24 17:17:21,890 [machine.py:_find_public_ip()] - Detected Local IP: 192.168.1.250
2024-04-24 17:17:21,905 [webcam.py:_set_default_host_ip()] - Default public webcam address set: http://192.168.1.250
2024-04-24 17:17:22,193 [server.py:add_log_rollover_item()] - 
Systemd unit moonraker.service:
unit_name: moonraker.service
is_default: True
manager: systemd
Properties:
**Requires=['-.mount', 'sysinit.target', 'network-online.target', 'system.slice']
**After=['-.mount', 'systemd-journald.socket', 'sysinit.target', 'network-online.target', 'basic.target', 'system.slice']
**SupplementaryGroups=['moonraker-admin']
**EnvironmentFiles=/home/biqu/printer_data/systemd/moonraker.env
**ExecStart=/home/biqu/moonraker-env/bin/python $MOONRAKER_ARGS
**WorkingDirectory=/home/biqu/moonraker
**FragmentPath=/etc/systemd/system/moonraker.service
**Description=API Server for Klipper SV1
**User=biqu
2024-04-24 17:17:22,193 [server.py:_initialize_component()] - Performing Component Post Init: [proc_stats]
2024-04-24 17:17:22,194 [server.py:_initialize_component()] - Performing Component Post Init: [announcements]
2024-04-24 17:17:22,210 [server.py:_initialize_component()] - Performing Component Post Init: [webcam]
2024-04-24 17:17:22,210 [webcam.py:_set_default_host_ip()] - Default public webcam address set: http://192.168.1.250
2024-04-24 17:17:22,216 [server.py:_initialize_component()] - Performing Component Post Init: [klippy_connection]
2024-04-24 17:17:22,219 [server.py:add_log_rollover_item()] - 
Systemd unit klipper.service:
unit_name: klipper.service
is_default: True
manager: systemd
Properties:
**Requires=['sysinit.target', 'system.slice', '-.mount']
**After=['sysinit.target', 'klipper-mcu.service', 'system.slice', 'basic.target', '-.mount', 'systemd-journald.socket', 'network-online.target']
**SupplementaryGroups=[]
**EnvironmentFiles=/home/biqu/printer_data/systemd/klipper.env
**ExecStart=/home/biqu/klippy-env/bin/python $KLIPPER_ARGS
**WorkingDirectory=/home/biqu/klipper
**FragmentPath=/etc/systemd/system/klipper.service
**Description=Klipper 3D Printer Firmware SV1
**User=biqu
2024-04-24 17:17:22,220 [server.py:_initialize_component()] - Performing Component Post Init: [update_manager]
2024-04-24 17:17:22,234 [server.py:_initialize_component()] - Performing Component Post Init: [history]
2024-04-24 17:17:22,945 [base_deploy.py:log_info()] - PackageDeploy: PackageKit Provider Configured
2024-04-24 17:17:22,948 [base_deploy.py:log_info()] - Git Repo moonraker: Stored pip version: 23.0.1
2024-04-24 17:17:22,952 [git_deploy.py:log_repo_info()] - Git Repo moonraker Detected:
Owner: Arksine
Repository Name: moonraker
Path: /home/biqu/moonraker
Remote: origin
Branch: master
Remote URL: https://github.com/Arksine/moonraker.git
Recovery URL: https://github.com/Arksine/moonraker.git
Current Commit SHA: 9447494bd50dcc254525a8edc2eb2c90a9528b2c
Upstream Commit SHA: 9447494bd50dcc254525a8edc2eb2c90a9528b2c
Current Version: v0.8.0-327-g9447494b
Upstream Version: v0.8.0-327-g9447494b
Rollback Commit: 99b97afc7de1ed16ddc7db29ab6354bd6ea3dfb7
Rollback Branch: master
Rollback Version: v0.8.0-325-g99b97afc
Is Dirty: False
Is Detached: False
Is Shallow: False
Commits Behind Count: 0
Diverged: False
Repo Warnings:
  Repo has untracked source files: ['moonraker/components/timelapse.py']
2024-04-24 17:17:22,954 [base_deploy.py:log_info()] - Git Repo klipper: Stored pip version: 23.0.1
2024-04-24 17:17:22,957 [git_deploy.py:log_repo_info()] - Git Repo klipper Detected:
Owner: Klipper3d
Repository Name: klipper
Path: /home/biqu/klipper
Remote: origin
Branch: master
Remote URL: https://github.com/Klipper3d/klipper
Recovery URL: https://github.com/Klipper3d/klipper
Current Commit SHA: 2f6e94c94cae036b70b02df996dc12e2e61e5dcb
Upstream Commit SHA: 2f6e94c94cae036b70b02df996dc12e2e61e5dcb
Current Version: v0.12.0-171-g2f6e94c9
Upstream Version: v0.12.0-171-g2f6e94c9
Rollback Commit: 01c7befacb5b71643130433f2afb3f22ece68d71
Rollback Branch: master
Rollback Version: v0.12.0-143-g01c7befa
Is Dirty: False
Is Detached: False
Is Shallow: False
Commits Behind Count: 0
Diverged: False
2024-04-24 17:17:22,962 [git_deploy.py:log_repo_info()] - Git Repo mainsail-config Detected:
Owner: mainsail-crew
Repository Name: mainsail-config
Path: /home/biqu/mainsail-config
Remote: origin
Branch: master
Remote URL: https://github.com/mainsail-crew/mainsail-config.git
Recovery URL: https://github.com/mainsail-crew/mainsail-config.git
Current Commit SHA: e57810d51b5c634aadaca4db923bfcba269ae4b3
Upstream Commit SHA: e57810d51b5c634aadaca4db923bfcba269ae4b3
Current Version: v1.2.1-0-ge57810d5
Upstream Version: v1.2.1-0-ge57810d5
Rollback Commit: e57810d51b5c634aadaca4db923bfcba269ae4b3
Rollback Branch: master
Rollback Version: v1.2.1-0-ge57810d
Is Dirty: False
Is Detached: False
Is Shallow: False
Commits Behind Count: 0
Diverged: False
2024-04-24 17:17:22,981 [base_deploy.py:log_info()] - Web Client mainsail: Detected
Repo: mainsail-crew/mainsail
Channel: stable
Path: /home/biqu/mainsail
Local Version: v2.10.0
Remote Version: v2.10.0
Valid: True
Fallback Detected: False
Pre-release: False
Download Url: https://github.com/mainsail-crew/mainsail/releases/download/v2.10.0/mainsail.zip
Download Size: 2081565
Content Type: application/zip
Rollback Version: v2.10.0
Rollback Repo: mainsail-crew/mainsail
2024-04-24 17:17:22,989 [git_deploy.py:log_repo_info()] - Git Repo crowsnest Detected:
Owner: mainsail-crew
Repository Name: crowsnest
Path: /home/biqu/crowsnest
Remote: origin
Branch: master
Remote URL: https://github.com/mainsail-crew/crowsnest.git
Recovery URL: https://github.com/mainsail-crew/crowsnest.git
Current Commit SHA: 6ac4711e17f6f7c51998d1f928166fdaee383bf7
Upstream Commit SHA: 6ac4711e17f6f7c51998d1f928166fdaee383bf7
Current Version: v4.1.8-1-g6ac4711e
Upstream Version: v4.1.8-1-g6ac4711e
Rollback Commit: 6ac4711e17f6f7c51998d1f928166fdaee383bf7
Rollback Branch: master
Rollback Version: v4.1.8-1-g6ac4711
Is Dirty: False
Is Detached: False
Is Shallow: False
Commits Behind Count: 0
Diverged: False
2024-04-24 17:17:23,000 [git_deploy.py:log_repo_info()] - Git Repo sonar Detected:
Owner: mainsail-crew
Repository Name: sonar
Path: /home/biqu/sonar
Remote: origin
Branch: main
Remote URL: https://github.com/mainsail-crew/sonar.git
Recovery URL: https://github.com/mainsail-crew/sonar.git
Current Commit SHA: eacc498a52f79292063b6f9b0e0c191c34c5dc09
Upstream Commit SHA: eacc498a52f79292063b6f9b0e0c191c34c5dc09
Current Version: v0.1.3-1-geacc498a
Upstream Version: v0.1.3-1-geacc498a
Rollback Commit: eacc498a52f79292063b6f9b0e0c191c34c5dc09
Rollback Branch: main
Rollback Version: v0.1.3-1-geacc498
Is Dirty: False
Is Detached: False
Is Shallow: False
Commits Behind Count: 0
Diverged: False
2024-04-24 17:17:23,006 [git_deploy.py:log_repo_info()] - Git Repo timelapse Detected:
Owner: mainsail-crew
Repository Name: moonraker-timelapse
Path: /home/biqu/moonraker-timelapse
Remote: origin
Branch: main
Remote URL: https://github.com/mainsail-crew/moonraker-timelapse.git
Recovery URL: https://github.com/mainsail-crew/moonraker-timelapse.git
Current Commit SHA: c7fff11e542b95e0e15b8bb1443cea8159ac0274
Upstream Commit SHA: c7fff11e542b95e0e15b8bb1443cea8159ac0274
Current Version: v0.0.1-143-gc7fff11e
Upstream Version: v0.0.1-143-gc7fff11e
Rollback Commit: c7fff11e542b95e0e15b8bb1443cea8159ac0274
Rollback Branch: main
Rollback Version: v0.0.1-143-gc7fff11
Is Dirty: False
Is Detached: False
Is Shallow: False
Commits Behind Count: 0
Diverged: False
2024-04-24 17:17:23,015 [git_deploy.py:log_repo_info()] - Git Repo KlipperScreen Detected:
Owner: bigtreetech
Repository Name: KlipperScreen
Path: /home/biqu/KlipperScreen
Remote: origin
Branch: master
Remote URL: https://github.com/bigtreetech/KlipperScreen.git
Recovery URL: https://github.com/bigtreetech/KlipperScreen.git
Current Commit SHA: 9d3e877adce57795b7974e6e7eb4c51e2aea48aa
Upstream Commit SHA: 9d3e877adce57795b7974e6e7eb4c51e2aea48aa
Current Version: v0.0.0-1254-g9d3e877a-inferred
Upstream Version: v0.0.0-1254-inferred
Rollback Commit: 9d3e877adce57795b7974e6e7eb4c51e2aea48aa
Rollback Branch: master
Rollback Version: 9d3e877
Is Dirty: False
Is Detached: False
Is Shallow: False
Commits Behind Count: 0
Diverged: False
2024-04-24 17:17:23,021 [base_deploy.py:log_info()] - PackageKit: Next refresh in: 5 Days, 22 Hours, 14 Minutes, 24 Seconds
2024-04-24 17:17:23,022 [base_deploy.py:log_info()] - Git Repo moonraker: Next refresh in: 5 Days, 22 Hours, 14 Minutes, 36 Seconds
2024-04-24 17:17:23,022 [base_deploy.py:log_info()] - Git Repo klipper: Next refresh in: 5 Days, 22 Hours, 14 Minutes, 29 Seconds
2024-04-24 17:17:23,023 [base_deploy.py:log_info()] - Git Repo mainsail-config: Next refresh in: 5 Days, 22 Hours, 2 Minutes, 28 Seconds
2024-04-24 17:17:23,025 [base_deploy.py:log_info()] - Web Client mainsail: Next refresh in: 5 Days, 22 Hours, 2 Minutes, 28 Seconds
2024-04-24 17:17:23,032 [base_deploy.py:log_info()] - Git Repo crowsnest: Next refresh in: 5 Days, 22 Hours, 2 Minutes, 29 Seconds
2024-04-24 17:17:23,033 [base_deploy.py:log_info()] - Git Repo sonar: Next refresh in: 5 Days, 22 Hours, 2 Minutes, 30 Seconds
2024-04-24 17:17:23,035 [base_deploy.py:log_info()] - Git Repo timelapse: Next refresh in: 5 Days, 22 Hours, 2 Minutes, 31 Seconds
2024-04-24 17:17:23,036 [base_deploy.py:log_info()] - Git Repo KlipperScreen: Next refresh in: 5 Days, 22 Hours, 2 Minutes, 32 Seconds
2024-04-24 17:17:23,050 [extensions.py:start_unix_server()] - Creating Unix Domain Socket at '/home/biqu/printer_data/comms/moonraker.sock'
2024-04-24 17:17:23,054 [server.py:start_server()] - Starting Moonraker on (0.0.0.0, 7125), Hostname: BTT-Pad7
2024-04-24 17:17:23,058 [application.py:listen()] - SSL Certificate/Key not configured, aborting HTTPS Server startup
2024-04-24 17:17:23,313 [klippy_connection.py:_do_connect()] - Klippy Connection Established
2024-04-24 17:17:23,377 [authorization.py:_check_trusted_connection()] - Trusted Connection Detected, IP: 192.168.1.45
2024-04-24 17:17:23,386 [application.py:log_request()] - 101 GET /websocket (192.168.1.45) [_TRUSTED_USER_] 18.26ms
2024-04-24 17:17:23,389 [websockets.py:open()] - Websocket Opened: ID: 281473435230160, Proxied: True, User Agent: Mozilla/5.0 (Windows NT 10.0; Win64; x64; rv:125.0) Gecko/20100101 Firefox/125.0, Host Name: btt-pad7.local
2024-04-24 17:17:23,529 [websockets.py:_handle_identify()] - Websocket 281473435230160 Client Identified - Name: mainsail, Version: 2.10.0, Type: web
2024-04-24 17:17:23,728 [server.py:add_log_rollover_item()] - 
Systemd unit klipper.service:
unit_name: klipper.service
is_default: True
manager: systemd
Properties:
**Requires=['sysinit.target', 'system.slice', '-.mount']
**After=['system.slice', 'network-online.target', '-.mount', 'sysinit.target', 'klipper-mcu.service', 'basic.target', 'systemd-journald.socket']
**SupplementaryGroups=[]
**EnvironmentFiles=/home/biqu/printer_data/systemd/klipper.env
**ExecStart=/home/biqu/klippy-env/bin/python $KLIPPER_ARGS
**WorkingDirectory=/home/biqu/klipper
**FragmentPath=/etc/systemd/system/klipper.service
**Description=Klipper 3D Printer Firmware SV1
**User=biqu
2024-04-24 17:17:23,994 [server.py:add_log_rollover_item()] - Klipper Version: v0.12.0-171-g2f6e94c9
2024-04-24 17:17:24,147 [klippy_connection.py:_request_initial_subscriptions()] - Webhooks Subscribed
2024-04-24 17:17:24,157 [klippy_connection.py:_request_initial_subscriptions()] - GCode Output Subscribed
2024-04-24 17:17:24,398 [job_state.py:_handle_started()] - Job state initialized: standby
2024-04-24 17:17:24,693 [klippy_connection.py:_check_ready()] - Klippy ready
2024-04-24 17:17:25,169 [data_store.py:_init_sensors()] - Configuring available sensors: ['heater_bed', 'extruder']
2024-04-24 17:17:26,155 [authorization.py:_check_trusted_connection()] - Trusted Connection Detected, IP: 127.0.0.1
2024-04-24 17:17:26,231 [application.py:log_request()] - 101 GET /websocket?token=OWRBGJS22GTQU73XFDCKFEVWTS6P5ZQM (127.0.0.1) [_TRUSTED_USER_] 25.68ms
2024-04-24 17:17:26,233 [websockets.py:open()] - Websocket Opened: ID: 281473435012064, Proxied: False, User Agent: , Host Name: 127.0.0.1
2024-04-24 17:17:26,374 [application.py:log_request()] - 404 GET /machine/device_power/devices (127.0.0.1) [_TRUSTED_USER_] 19.33ms
2024-04-24 17:17:27,131 [file_manager.py:get_file_list()] - Updating File List <gcodes>...
2024-04-24 18:18:13,271 [authorization.py:_prune_conn_handler()] - Trusted Connection Expired, IP: 192.168.1.45
2024-04-24 18:18:13,271 [authorization.py:_prune_conn_handler()] - Trusted Connection Expired, IP: 127.0.0.1
2024-04-24 18:35:07,614 [authorization.py:_check_trusted_connection()] - Trusted Connection Detected, IP: 192.168.1.45
2024-04-24 18:35:07,614 [application.py:prepare()] - Upload Request Received from 192.168.1.45
Content-Type: multipart/form-data; boundary=---------------------------16948395716017359624252614238
2024-04-24 18:35:07,623 [application.py:post()] - Processing Uploaded File: adxlmcu (2).cfg
2024-04-24 18:35:07,638 [application.py:log_request()] - 201 POST /server/files/upload (192.168.1.45) [_TRUSTED_USER_] 27.10ms
2024-04-24 18:35:41,473 [application.py:prepare()] - Upload Request Received from 192.168.1.45
Content-Type: multipart/form-data; boundary=---------------------------1408884389795864994314374937
2024-04-24 18:35:41,486 [application.py:post()] - Processing Uploaded File: printer.cfg
2024-04-24 18:35:41,504 [application.py:log_request()] - 201 POST /server/files/upload (192.168.1.45) [_TRUSTED_USER_] 33.08ms
2024-04-24 18:35:42,553 [klippy_connection.py:_on_connection_closed()] - Klippy Connection Removed
2024-04-24 18:35:42,597 [authorization.py:_check_trusted_connection()] - Trusted Connection Detected, IP: 127.0.0.1
2024-04-24 18:35:42,624 [application.py:log_request()] - 404 GET /machine/device_power/devices (127.0.0.1) [_TRUSTED_USER_] 5.42ms
2024-04-24 18:35:43,818 [klippy_connection.py:_do_connect()] - Klippy Connection Established
2024-04-24 18:35:46,013 [application.py:log_request()] - 404 GET /machine/device_power/devices (127.0.0.1) [_TRUSTED_USER_] 5.31ms
2024-04-24 18:35:46,829 [file_manager.py:get_file_list()] - Updating File List <gcodes>...
2024-04-24 18:35:48,151 [klippy_connection.py:_request_initial_subscriptions()] - Webhooks Subscribed
2024-04-24 18:35:48,156 [klippy_connection.py:_request_initial_subscriptions()] - GCode Output Subscribed
2024-04-24 18:35:48,162 [klippy_connection.py:_check_ready()] - 
MCU Protocol error

This is frequently caused by running an older version of the
firmware on the MCU(s). Fix by recompiling and flashing the
firmware.

Your Klipper version is: v0.12.0-171-g2f6e94c9
MCU(s) which should be updated:
rpi: Current version v0.11.0-122-ge6ef48cd
Up-to-date MCU(s):
mcu: Current version v0.12.0-171-g2f6e94c9

Once the underlying issue is corrected, use the "RESTART"
command to reload the config and restart the host software.

mcu 'rpi': Command format mismatch: query_adxl345 oid=%c rest_ticks=%u vs query_adxl345 oid=%c clock=%u rest_ticks=%u
2024-04-24 18:41:15,483 [application.py:prepare()] - Upload Request Received from 192.168.1.45
Content-Type: multipart/form-data; boundary=---------------------------3053956498381128443311965477
2024-04-24 18:41:15,490 [application.py:post()] - Processing Uploaded File: adxlmcu.cfg
2024-04-24 18:41:15,507 [application.py:log_request()] - 201 POST /server/files/upload (192.168.1.45) [_TRUSTED_USER_] 26.67ms
2024-04-24 18:41:15,519 [common.py:build_error()] - JSON-RPC Request Error - Requested Method: machine.services.restart, Code: 400, Message: Service '{'isTrusted': True}' not allowed
2024-04-24 18:41:27,414 [klippy_connection.py:_on_connection_closed()] - Klippy Connection Removed
2024-04-24 18:41:27,626 [websockets.py:write_to_socket()] - Websocket closed while writing: 281473435012064
2024-04-24 18:41:27,628 [websockets.py:on_close()] - Websocket Closed: ID: 281473435012064 Close Code: None, Close Reason: None, Pong Time Elapsed: 1.39
2024-04-24 18:41:28,377 [server.py:_handle_term_signal()] - Exiting with signal SIGTERM
2024-04-24 18:41:28,484 [websockets.py:on_close()] - Websocket Closed: ID: 281473435230160 Close Code: 1001, Close Reason: Server Shutdown, Pong Time Elapsed: 5.09
2024-04-24 18:41:28,500 [database.py:close()] - Database statistics:

announcements:
psize: 4096
depth: 0
branch_pages: 0
leaf_pages: 0
overflow_pages: 0
entries: 0
authorized_users:
psize: 4096
depth: 1
branch_pages: 0
leaf_pages: 1
overflow_pages: 0
entries: 1
gcode_metadata:
psize: 4096
depth: 1
branch_pages: 0
leaf_pages: 1
overflow_pages: 0
entries: 3
history:
psize: 4096
depth: 2
branch_pages: 1
leaf_pages: 4
overflow_pages: 0
entries: 13
mainsail:
psize: 4096
depth: 1
branch_pages: 0
leaf_pages: 1
overflow_pages: 0
entries: 9
moonraker:
psize: 4096
depth: 1
branch_pages: 0
leaf_pages: 1
overflow_pages: 0
entries: 8
update_manager:
psize: 4096
depth: 2
branch_pages: 1
leaf_pages: 3
overflow_pages: 0
entries: 9
webcams:
psize: 4096
depth: 1
branch_pages: 0
leaf_pages: 1
overflow_pages: 0
entries: 1
2024-04-24 18:41:28,510 [server.py:main()] - Server Shutdown
-------------------- Log Start | Wed Apr 24 22:41:41 2024 --------------------
platform: Linux-5.16.17-sun50iw9-aarch64-with-glibc2.31
data_path: /home/biqu/printer_data
is_default_data_path: False
config_file: /home/biqu/printer_data/config/moonraker.conf
startup_warnings: []
verbose: False
debug: False
asyncio_debug: False
is_backup_config: False
is_python_package: False
instance_uuid: b8a6f633d2d8404eb18f8f8a5fdf6b8c
unix_socket_path: /home/biqu/printer_data/comms/moonraker.sock
software_version: v0.8.0-327-g9447494
git_branch: master
git_remote: origin
git_repo_url: https://github.com/Arksine/moonraker.git
modified_files: []
unofficial_components: []
log_file: /home/biqu/printer_data/logs/moonraker.log
python_version: 3.9.2 (default, Feb 28 2021, 17:03:44)  [GCC 10.2.1 20210110]
launch_args: /home/biqu/moonraker-env/bin/python /home/biqu/moonraker/moonraker/moonraker.py -d /home/biqu/printer_data
msgspec_enabled: False
uvloop_enabled: False
2024-04-24 18:41:41,696 [confighelper.py:read_file()] - Configuration File '/home/biqu/printer_data/config/moonraker.conf' parsed, total size: 1580 B
2024-04-24 18:41:41,697 [server.py:add_log_rollover_item()] - 
#################### Moonraker Configuration ####################

[server]
host = 0.0.0.0
port = 7125
klippy_uds_address = /home/biqu/printer_data/comms/klippy.sock

[authorization]
trusted_clients = 
	10.0.0.0/8
	127.0.0.0/8
	169.254.0.0/16
	172.16.0.0/12
	192.168.0.0/16
	FE80::/10
	::1/128
cors_domains = 
	*.lan
	*.local
	*://localhost
	*://localhost:*
	*://my.mainsail.xyz
	*://app.fluidd.xyz

[octoprint_compat]

[history]

[update_manager]
channel = dev
refresh_interval = 168

[update_manager mainsail-config]
type = git_repo
primary_branch = master
path = ~/mainsail-config
origin = https://github.com/mainsail-crew/mainsail-config.git
managed_services = klipper

[update_manager mainsail]
type = web
channel = stable
repo = mainsail-crew/mainsail
path = ~/mainsail

[update_manager crowsnest]
type = git_repo
path = ~/crowsnest
origin = https://github.com/mainsail-crew/crowsnest.git
install_script = tools/install.sh

[update_manager sonar]
type = git_repo
path = ~/sonar
origin = https://github.com/mainsail-crew/sonar.git
primary_branch = main
managed_services = sonar
install_script = tools/install.sh

[update_manager timelapse]
type = git_repo
primary_branch = main
path = ~/moonraker-timelapse
origin = https://github.com/mainsail-crew/moonraker-timelapse.git
managed_services = klipper moonraker

[update_manager KlipperScreen]
type = git_repo
path = ~/KlipperScreen
origin = https://github.com/bigtreetech/KlipperScreen.git
env = ~/.KlipperScreen-env/bin/python
requirements = scripts/KlipperScreen-requirements.txt
install_script = scripts/KlipperScreen-install.sh
managed_services = KlipperScreen

#################################################################
All Configuration Files:
/home/biqu/printer_data/config/moonraker.conf
#################################################################
2024-04-24 18:41:42,272 [server.py:load_component()] - Component (secrets) loaded
2024-04-24 18:41:42,323 [server.py:load_component()] - Component (template) loaded
2024-04-24 18:41:42,374 [server.py:load_component()] - Component (klippy_connection) loaded
2024-04-24 18:41:43,904 [server.py:load_component()] - Component (application) loaded
2024-04-24 18:41:44,048 [server.py:load_component()] - Component (websockets) loaded
2024-04-24 18:41:44,448 [server.py:load_component()] - Component (dbus_manager) loaded
2024-04-24 18:41:44,568 [server.py:add_log_rollover_item()] - 
Database Versions: pylmdb = 1.3.0, lmdb = (0, 9, 29)
Unsafe Shutdown Count: 30
2024-04-24 18:41:44,684 [server.py:load_component()] - Component (database) loaded
2024-04-24 18:41:44,856 [file_manager.py:__init__()] - Using File System Observer: inotify
2024-04-24 18:41:44,989 [server.py:load_component()] - Component (file_manager) loaded
2024-04-24 18:41:45,075 [authorization.py:__init__()] - Authorization Configuration Loaded
Trusted Clients:
10.0.0.0/8
127.0.0.0/8
169.254.0.0/16
172.16.0.0/12
192.168.0.0/16
fe80::/10
::1/128
CORS Domains:
.*\.lan
.*\.local
.*://localhost
.*://localhost:.*
.*://my\.mainsail\.xyz
.*://app\.fluidd\.xyz
2024-04-24 18:41:45,097 [server.py:load_component()] - Component (authorization) loaded
2024-04-24 18:41:45,131 [server.py:load_component()] - Component (klippy_apis) loaded
2024-04-24 18:41:45,940 [server.py:add_log_rollover_item()] - 
System Info:

***python***
  version: (3, 9, 2, 'final', 0)
  version_string: 3.9.2 (default, Feb 28 2021, 17:03:44)  [GCC 10.2.1 20210110]

***cpu_info***
  cpu_count: 4
  bits: 64bit
  processor: aarch64
  cpu_desc: 
  serial_number: 
  hardware_desc: 
  model: 
  total_memory: 1010636
  memory_units: kB

***sd_info***

***distribution***
  name: Debian GNU/Linux 11 (bullseye)
  id: debian
  version: 11
  version_parts: {'major': '11', 'minor': '', 'build_number': ''}
  like: 
  codename: bullseye
  release_info: {'name': '# PLEASE DO NOT EDIT THIS FILE', 'id': 'board'}
  kernel_version: 5.16.17-sun50iw9

***virtualization***
  virt_type: none
  virt_identifier: none

***network***

***canbus***

***Allowed Services***
  klipper_mcu
  webcamd
  MoonCord
  KlipperScreen
  moonraker-telegram-bot
  moonraker-obico
  sonar
  crowsnest
  octoeverywhere
2024-04-24 18:41:45,976 [server.py:load_component()] - Component (shell_command) loaded
2024-04-24 18:41:45,983 [machine.py:__init__()] - Using System Provider: systemd_dbus
2024-04-24 18:41:46,042 [server.py:add_log_rollover_item()] - Module libcamera unavailble, import failed
2024-04-24 18:41:46,044 [server.py:load_component()] - Component (machine) loaded
2024-04-24 18:41:46,070 [server.py:load_component()] - Component (data_store) loaded
2024-04-24 18:41:46,080 [proc_stats.py:__init__()] - Unable to find 'vcgencmd', throttle checking disabled
2024-04-24 18:41:46,093 [server.py:load_component()] - Component (proc_stats) loaded
2024-04-24 18:41:46,101 [server.py:load_component()] - Component (job_state) loaded
2024-04-24 18:41:46,165 [server.py:load_component()] - Component (job_queue) loaded
2024-04-24 18:41:46,208 [server.py:load_component()] - Component (http_client) loaded
2024-04-24 18:41:46,237 [server.py:load_component()] - Component (announcements) loaded
2024-04-24 18:41:46,266 [server.py:load_component()] - Component (webcam) loaded
2024-04-24 18:41:46,288 [server.py:load_component()] - Component (extensions) loaded
2024-04-24 18:41:46,328 [server.py:load_component()] - Component (octoprint_compat) loaded
2024-04-24 18:41:46,813 [base_deploy.py:log_info()] - Git Repo moonraker: Detected virtualenv: /home/biqu/moonraker-env
2024-04-24 18:41:46,830 [base_deploy.py:log_info()] - Git Repo klipper: Detected virtualenv: /home/biqu/klippy-env
2024-04-24 18:41:46,884 [base_deploy.py:log_info()] - Git Repo KlipperScreen: Option 'env' is deprecated, use 'virtualenv' instead.
2024-04-24 18:41:46,888 [base_deploy.py:log_info()] - Git Repo KlipperScreen: Detected virtualenv: /home/biqu/.KlipperScreen-env
2024-04-24 18:41:46,930 [server.py:load_component()] - Component (update_manager) loaded
2024-04-24 18:41:46,958 [server.py:load_component()] - Component (history) loaded
2024-04-24 18:41:46,965 [server.py:_initialize_component()] - Performing Component Post Init: [dbus_manager]
2024-04-24 18:41:47,207 [server.py:_initialize_component()] - Performing Component Post Init: [file_manager]
2024-04-24 18:41:47,251 [server.py:_initialize_component()] - Performing Component Post Init: [authorization]
2024-04-24 18:41:47,252 [server.py:_initialize_component()] - Performing Component Post Init: [machine]
2024-04-24 18:41:47,254 [machine.py:validation_init()] - Installation version in database up to date
2024-04-24 18:41:48,418 [machine.py:check_virt_status()] - No Virtualization Detected
2024-04-24 18:41:48,466 [machine.py:_find_public_ip()] - Detected Local IP: 192.168.1.250
2024-04-24 18:41:48,474 [webcam.py:_set_default_host_ip()] - Default public webcam address set: http://192.168.1.250
2024-04-24 18:41:48,753 [server.py:add_log_rollover_item()] - 
Systemd unit moonraker.service:
unit_name: moonraker.service
is_default: True
manager: systemd
Properties:
**Requires=['-.mount', 'sysinit.target', 'network-online.target', 'system.slice']
**After=['-.mount', 'basic.target', 'sysinit.target', 'systemd-journald.socket', 'network-online.target', 'system.slice']
**SupplementaryGroups=['moonraker-admin']
**EnvironmentFiles=/home/biqu/printer_data/systemd/moonraker.env
**ExecStart=/home/biqu/moonraker-env/bin/python $MOONRAKER_ARGS
**WorkingDirectory=/home/biqu/moonraker
**FragmentPath=/etc/systemd/system/moonraker.service
**Description=API Server for Klipper SV1
**User=biqu
2024-04-24 18:41:48,753 [server.py:_initialize_component()] - Performing Component Post Init: [proc_stats]
2024-04-24 18:41:48,754 [server.py:_initialize_component()] - Performing Component Post Init: [announcements]
2024-04-24 18:41:48,761 [server.py:_initialize_component()] - Performing Component Post Init: [webcam]
2024-04-24 18:41:48,762 [webcam.py:_set_default_host_ip()] - Default public webcam address set: http://192.168.1.250
2024-04-24 18:41:48,764 [server.py:_initialize_component()] - Performing Component Post Init: [klippy_connection]
2024-04-24 18:41:48,770 [server.py:add_log_rollover_item()] - 
Systemd unit klipper.service:
unit_name: klipper.service
is_default: True
manager: systemd
Properties:
**Requires=['sysinit.target', 'system.slice', '-.mount']
**After=['system.slice', 'network-online.target', '-.mount', 'sysinit.target', 'klipper-mcu.service', 'basic.target', 'systemd-journald.socket']
**SupplementaryGroups=[]
**EnvironmentFiles=/home/biqu/printer_data/systemd/klipper.env
**ExecStart=/home/biqu/klippy-env/bin/python $KLIPPER_ARGS
**WorkingDirectory=/home/biqu/klipper
**FragmentPath=/etc/systemd/system/klipper.service
**Description=Klipper 3D Printer Firmware SV1
**User=biqu
2024-04-24 18:41:48,778 [server.py:_initialize_component()] - Performing Component Post Init: [update_manager]
2024-04-24 18:41:48,787 [server.py:_initialize_component()] - Performing Component Post Init: [history]
2024-04-24 18:41:49,828 [base_deploy.py:log_info()] - PackageDeploy: PackageKit Provider Configured
2024-04-24 18:41:49,830 [base_deploy.py:log_info()] - Git Repo moonraker: Stored pip version: 23.0.1
2024-04-24 18:41:49,838 [git_deploy.py:log_repo_info()] - Git Repo moonraker Detected:
Owner: Arksine
Repository Name: moonraker
Path: /home/biqu/moonraker
Remote: origin
Branch: master
Remote URL: https://github.com/Arksine/moonraker.git
Recovery URL: https://github.com/Arksine/moonraker.git
Current Commit SHA: 9447494bd50dcc254525a8edc2eb2c90a9528b2c
Upstream Commit SHA: 9447494bd50dcc254525a8edc2eb2c90a9528b2c
Current Version: v0.8.0-327-g9447494b
Upstream Version: v0.8.0-327-g9447494b
Rollback Commit: 99b97afc7de1ed16ddc7db29ab6354bd6ea3dfb7
Rollback Branch: master
Rollback Version: v0.8.0-325-g99b97afc
Is Dirty: False
Is Detached: False
Is Shallow: False
Commits Behind Count: 0
Diverged: False
Repo Warnings:
  Repo has untracked source files: ['moonraker/components/timelapse.py']
2024-04-24 18:41:49,839 [base_deploy.py:log_info()] - Git Repo klipper: Stored pip version: 23.0.1
2024-04-24 18:41:49,842 [git_deploy.py:log_repo_info()] - Git Repo klipper Detected:
Owner: Klipper3d
Repository Name: klipper
Path: /home/biqu/klipper
Remote: origin
Branch: master
Remote URL: https://github.com/Klipper3d/klipper
Recovery URL: https://github.com/Klipper3d/klipper
Current Commit SHA: 2f6e94c94cae036b70b02df996dc12e2e61e5dcb
Upstream Commit SHA: 2f6e94c94cae036b70b02df996dc12e2e61e5dcb
Current Version: v0.12.0-171-g2f6e94c9
Upstream Version: v0.12.0-171-g2f6e94c9
Rollback Commit: 01c7befacb5b71643130433f2afb3f22ece68d71
Rollback Branch: master
Rollback Version: v0.12.0-143-g01c7befa
Is Dirty: False
Is Detached: False
Is Shallow: False
Commits Behind Count: 0
Diverged: False
2024-04-24 18:41:49,858 [git_deploy.py:log_repo_info()] - Git Repo mainsail-config Detected:
Owner: mainsail-crew
Repository Name: mainsail-config
Path: /home/biqu/mainsail-config
Remote: origin
Branch: master
Remote URL: https://github.com/mainsail-crew/mainsail-config.git
Recovery URL: https://github.com/mainsail-crew/mainsail-config.git
Current Commit SHA: e57810d51b5c634aadaca4db923bfcba269ae4b3
Upstream Commit SHA: e57810d51b5c634aadaca4db923bfcba269ae4b3
Current Version: v1.2.1-0-ge57810d5
Upstream Version: v1.2.1-0-ge57810d5
Rollback Commit: e57810d51b5c634aadaca4db923bfcba269ae4b3
Rollback Branch: master
Rollback Version: v1.2.1-0-ge57810d
Is Dirty: False
Is Detached: False
Is Shallow: False
Commits Behind Count: 0
Diverged: False
2024-04-24 18:41:49,882 [base_deploy.py:log_info()] - Web Client mainsail: Detected
Repo: mainsail-crew/mainsail
Channel: stable
Path: /home/biqu/mainsail
Local Version: v2.10.0
Remote Version: v2.10.0
Valid: True
Fallback Detected: False
Pre-release: False
Download Url: https://github.com/mainsail-crew/mainsail/releases/download/v2.10.0/mainsail.zip
Download Size: 2081565
Content Type: application/zip
Rollback Version: v2.10.0
Rollback Repo: mainsail-crew/mainsail
2024-04-24 18:41:49,886 [git_deploy.py:log_repo_info()] - Git Repo crowsnest Detected:
Owner: mainsail-crew
Repository Name: crowsnest
Path: /home/biqu/crowsnest
Remote: origin
Branch: master
Remote URL: https://github.com/mainsail-crew/crowsnest.git
Recovery URL: https://github.com/mainsail-crew/crowsnest.git
Current Commit SHA: 6ac4711e17f6f7c51998d1f928166fdaee383bf7
Upstream Commit SHA: 6ac4711e17f6f7c51998d1f928166fdaee383bf7
Current Version: v4.1.8-1-g6ac4711e
Upstream Version: v4.1.8-1-g6ac4711e
Rollback Commit: 6ac4711e17f6f7c51998d1f928166fdaee383bf7
Rollback Branch: master
Rollback Version: v4.1.8-1-g6ac4711
Is Dirty: False
Is Detached: False
Is Shallow: False
Commits Behind Count: 0
Diverged: False
2024-04-24 18:41:49,890 [git_deploy.py:log_repo_info()] - Git Repo sonar Detected:
Owner: mainsail-crew
Repository Name: sonar
Path: /home/biqu/sonar
Remote: origin
Branch: main
Remote URL: https://github.com/mainsail-crew/sonar.git
Recovery URL: https://github.com/mainsail-crew/sonar.git
Current Commit SHA: eacc498a52f79292063b6f9b0e0c191c34c5dc09
Upstream Commit SHA: eacc498a52f79292063b6f9b0e0c191c34c5dc09
Current Version: v0.1.3-1-geacc498a
Upstream Version: v0.1.3-1-geacc498a
Rollback Commit: eacc498a52f79292063b6f9b0e0c191c34c5dc09
Rollback Branch: main
Rollback Version: v0.1.3-1-geacc498
Is Dirty: False
Is Detached: False
Is Shallow: False
Commits Behind Count: 0
Diverged: False
2024-04-24 18:41:49,895 [git_deploy.py:log_repo_info()] - Git Repo timelapse Detected:
Owner: mainsail-crew
Repository Name: moonraker-timelapse
Path: /home/biqu/moonraker-timelapse
Remote: origin
Branch: main
Remote URL: https://github.com/mainsail-crew/moonraker-timelapse.git
Recovery URL: https://github.com/mainsail-crew/moonraker-timelapse.git
Current Commit SHA: c7fff11e542b95e0e15b8bb1443cea8159ac0274
Upstream Commit SHA: c7fff11e542b95e0e15b8bb1443cea8159ac0274
Current Version: v0.0.1-143-gc7fff11e
Upstream Version: v0.0.1-143-gc7fff11e
Rollback Commit: c7fff11e542b95e0e15b8bb1443cea8159ac0274
Rollback Branch: main
Rollback Version: v0.0.1-143-gc7fff11
Is Dirty: False
Is Detached: False
Is Shallow: False
Commits Behind Count: 0
Diverged: False
2024-04-24 18:41:49,901 [git_deploy.py:log_repo_info()] - Git Repo KlipperScreen Detected:
Owner: bigtreetech
Repository Name: KlipperScreen
Path: /home/biqu/KlipperScreen
Remote: origin
Branch: master
Remote URL: https://github.com/bigtreetech/KlipperScreen.git
Recovery URL: https://github.com/bigtreetech/KlipperScreen.git
Current Commit SHA: 9d3e877adce57795b7974e6e7eb4c51e2aea48aa
Upstream Commit SHA: 9d3e877adce57795b7974e6e7eb4c51e2aea48aa
Current Version: v0.0.0-1254-g9d3e877a-inferred
Upstream Version: v0.0.0-1254-inferred
Rollback Commit: 9d3e877adce57795b7974e6e7eb4c51e2aea48aa
Rollback Branch: master
Rollback Version: 9d3e877
Is Dirty: False
Is Detached: False
Is Shallow: False
Commits Behind Count: 0
Diverged: False
2024-04-24 18:41:49,904 [base_deploy.py:log_info()] - PackageKit: Next refresh in: 5 Days, 20 Hours, 49 Minutes, 57 Seconds
2024-04-24 18:41:49,905 [base_deploy.py:log_info()] - Git Repo moonraker: Next refresh in: 5 Days, 20 Hours, 50 Minutes, 9 Seconds
2024-04-24 18:41:49,905 [base_deploy.py:log_info()] - Git Repo klipper: Next refresh in: 5 Days, 20 Hours, 50 Minutes, 2 Seconds
2024-04-24 18:41:49,906 [base_deploy.py:log_info()] - Git Repo mainsail-config: Next refresh in: 5 Days, 20 Hours, 38 Minutes, 1 Second
2024-04-24 18:41:49,906 [base_deploy.py:log_info()] - Web Client mainsail: Next refresh in: 5 Days, 20 Hours, 38 Minutes, 2 Seconds
2024-04-24 18:41:49,906 [base_deploy.py:log_info()] - Git Repo crowsnest: Next refresh in: 5 Days, 20 Hours, 38 Minutes, 2 Seconds
2024-04-24 18:41:49,907 [base_deploy.py:log_info()] - Git Repo sonar: Next refresh in: 5 Days, 20 Hours, 38 Minutes, 3 Seconds
2024-04-24 18:41:49,907 [base_deploy.py:log_info()] - Git Repo timelapse: Next refresh in: 5 Days, 20 Hours, 38 Minutes, 4 Seconds
2024-04-24 18:41:49,907 [base_deploy.py:log_info()] - Git Repo KlipperScreen: Next refresh in: 5 Days, 20 Hours, 38 Minutes, 5 Seconds
2024-04-24 18:41:49,920 [extensions.py:start_unix_server()] - Creating Unix Domain Socket at '/home/biqu/printer_data/comms/moonraker.sock'
2024-04-24 18:41:49,923 [server.py:start_server()] - Starting Moonraker on (0.0.0.0, 7125), Hostname: BTT-Pad7
2024-04-24 18:41:49,927 [application.py:listen()] - SSL Certificate/Key not configured, aborting HTTPS Server startup
2024-04-24 18:41:56,200 [authorization.py:_check_trusted_connection()] - Trusted Connection Detected, IP: 127.0.0.1
2024-04-24 18:41:56,266 [application.py:log_request()] - 101 GET /websocket?token=F3T4KYON5KY3U4UEYPOAVSFECS6CN55Z (127.0.0.1) [_TRUSTED_USER_] 11.90ms
2024-04-24 18:41:56,268 [websockets.py:open()] - Websocket Opened: ID: 281473181674752, Proxied: False, User Agent: , Host Name: 127.0.0.1
2024-04-24 18:41:56,379 [application.py:log_request()] - 404 GET /machine/device_power/devices (127.0.0.1) [_TRUSTED_USER_] 38.32ms
2024-04-24 18:41:59,573 [application.py:log_request()] - 404 GET /machine/device_power/devices (127.0.0.1) [_TRUSTED_USER_] 5.71ms
2024-04-24 18:41:59,771 [klippy_connection.py:_do_connect()] - Klippy Connection Established
2024-04-24 18:41:59,944 [server.py:add_log_rollover_item()] - 
Systemd unit klipper.service:
unit_name: klipper.service
is_default: True
manager: systemd
Properties:
**Requires=['system.slice', '-.mount', 'sysinit.target']
**After=['system.slice', 'sysinit.target', '-.mount', 'network-online.target', 'basic.target', 'klipper-mcu.service', 'systemd-journald.socket']
**SupplementaryGroups=[]
**EnvironmentFiles=/home/biqu/printer_data/systemd/klipper.env
**ExecStart=/home/biqu/klippy-env/bin/python $KLIPPER_ARGS
**WorkingDirectory=/home/biqu/klipper
**FragmentPath=/etc/systemd/system/klipper.service
**Description=Klipper 3D Printer Firmware SV1
**User=biqu
2024-04-24 18:42:00,201 [server.py:add_log_rollover_item()] - Klipper Version: v0.12.0-171-g2f6e94c9
2024-04-24 18:42:00,238 [klippy_connection.py:_request_initial_subscriptions()] - Webhooks Subscribed
2024-04-24 18:42:00,242 [klippy_connection.py:_request_initial_subscriptions()] - GCode Output Subscribed
2024-04-24 18:42:00,247 [klippy_connection.py:_check_ready()] - 
Option 'serial' in section 'mcu rpi' must be specified

Once the underlying issue is corrected, use the "RESTART"
command to reload the config and restart the host software.
Printer is halted

2024-04-24 18:42:02,566 [application.py:log_request()] - 404 GET /machine/device_power/devices (127.0.0.1) [_TRUSTED_USER_] 4.86ms
2024-04-24 18:42:03,065 [file_manager.py:get_file_list()] - Updating File List <gcodes>...
2024-04-24 18:44:37,619 [authorization.py:_check_trusted_connection()] - Trusted Connection Detected, IP: 192.168.1.45
2024-04-24 18:44:37,622 [application.py:log_request()] - 101 GET /websocket (192.168.1.45) [_TRUSTED_USER_] 6.14ms
2024-04-24 18:44:37,623 [websockets.py:open()] - Websocket Opened: ID: 281473181381776, Proxied: True, User Agent: Mozilla/5.0 (Windows NT 10.0; Win64; x64; rv:125.0) Gecko/20100101 Firefox/125.0, Host Name: btt-pad7.local
2024-04-24 18:44:37,632 [websockets.py:_handle_identify()] - Websocket 281473181381776 Client Identified - Name: mainsail, Version: 2.10.0, Type: web
